2026-02-14T11:05:41: INFO:app.main:Connecting to Database: sqlite:///C:\Users\Mina\Desktop\gold\Back-End\gold_prices.db
2026-02-14T11:05:41: INFO:app.main:Database initialized successfully.
2026-02-14T11:05:42: INFO:     Started server process [1744]
2026-02-14T11:05:42: INFO:     Waiting for application startup.
2026-02-14T11:05:42: INFO:app.main:Backend Smart Layer Activated in production mode.
2026-02-14T11:05:42: INFO:app.main:Starting scheduled gold scrape...
2026-02-14T11:05:42: INFO:app.scraper.engine:Attempting source 1/5: EgyptGoldPriceToday
2026-02-14T11:05:42: INFO:app.main:Starting scheduled country scrape...
2026-02-14T11:05:42: INFO:app.scraper.engine:Scraping country: egypt
2026-02-14T11:05:43: INFO:app.main:Starting scheduled currency scrape...
2026-02-14T11:05:43: INFO:app.scraper.currency:Attempting currency source: Ta3weem_bdc
2026-02-14T11:05:44: INFO:app.main:Starting scheduled full banks scrape...
2026-02-14T11:05:44: INFO:app.scraper.all_banks_scraper:Trying Ta3weem_AllBanks for USD (priority 1)
2026-02-14T11:05:45: INFO:app.main:Starting scheduled silver scrape...
2026-02-14T11:05:45: INFO:app.scraper.silver_scraper:Attempting to scrape PRIMARY source: safehavenhub.com
2026-02-14T11:05:45: INFO:     Application startup complete.
2026-02-14T11:05:45: INFO:     Uvicorn running on http://0.0.0.0:8000 (Press CTRL+C to quit)
2026-02-14T11:05:46: INFO:httpx:HTTP Request: GET https://safehavenhub.com/pages/%D8%A7%D8%B3%D8%B9%D8%A7%D8%B1-%D8%A7%D9%84%D8%B0%D9%87%D8%A8-%D9%88%D8%A7%D9%84%D9%81%D8%B6%D8%A9 "HTTP/1.1 200 OK"
2026-02-14T11:05:46: INFO:app.scraper.silver_scraper:PRIMARY source successful: safehavenhub.com
2026-02-14T11:05:46: INFO:app.main:Silver scrape successful! Source: safehavenhub
2026-02-14T11:05:46: INFO:app.main:Waiting 60 seconds for next silver scrape...
2026-02-14T11:05:46: INFO:httpx:HTTP Request: GET https://egypt.gold-price-today.com/ "HTTP/1.1 200 OK"
2026-02-14T11:05:46: INFO:httpx:HTTP Request: GET https://egypt.gold-price-today.com/ "HTTP/1.1 200 OK"
2026-02-14T11:05:46: INFO:app.scraper.engine:Success with EgyptGoldPriceToday (Primary). Fetched 6 prices.
2026-02-14T11:05:46: INFO:app.main:Scraped 6 gold prices.
2026-02-14T11:05:46: INFO:app.main:Waiting 300 seconds for next gold scrape...
2026-02-14T11:05:46: INFO:httpx:HTTP Request: GET https://ta3weem.com/ar/banks/banque-du-caire-bdc "HTTP/1.1 200 OK"
2026-02-14T11:05:46: INFO:app.scraper.currency:Success with ta3weem_bdc (or its fallback). Fetched 18 rates.
2026-02-14T11:05:46: INFO:app.scraper.currency:Attempting currency source: Ta3weem_nbe
2026-02-14T11:05:47: INFO:httpx:HTTP Request: GET https://ta3weem.com/ar/currency-exchange-rates/USD-EGP "HTTP/1.1 200 OK"
2026-02-14T11:05:47: INFO:app.scraper.engine:Scraping country: saudi-arabia
2026-02-14T11:05:48: INFO:app.scraper.all_banks_scraper:SUCCESS: Ta3weem_AllBanks returned 29 banks for USD
2026-02-14T11:05:48: INFO:app.scraper.all_banks_scraper:Skipping remaining sources (fallback strategy)
2026-02-14T11:05:48: INFO:app.scraper.all_banks_scraper:Trying Ta3weem_AllBanks for EUR (priority 1)
2026-02-14T11:05:49: INFO:httpx:HTTP Request: GET https://saudi-arabia.gold-price-today.com/ "HTTP/1.1 200 OK"
2026-02-14T11:05:49: INFO:httpx:HTTP Request: GET https://ta3weem.com/ar/currency-exchange-rates/EUR-EGP "HTTP/1.1 200 OK"
2026-02-14T11:05:49: INFO:app.scraper.all_banks_scraper:SUCCESS: Ta3weem_AllBanks returned 29 banks for EUR
2026-02-14T11:05:49: INFO:app.scraper.all_banks_scraper:Skipping remaining sources (fallback strategy)
2026-02-14T11:05:49: INFO:app.scraper.all_banks_scraper:Trying Ta3weem_AllBanks for SAR (priority 1)
2026-02-14T11:05:50: INFO:httpx:HTTP Request: GET https://ta3weem.com/ar/banks/national-bank-of-egypt-nbe "HTTP/1.1 200 OK"
2026-02-14T11:05:50: INFO:app.scraper.engine:Scraping country: kuwait
2026-02-14T11:05:50: INFO:app.scraper.currency:Success with ta3weem_nbe (or its fallback). Fetched 18 rates.
2026-02-14T11:05:50: INFO:app.scraper.currency:Attempting currency source: SarfToday
2026-02-14T11:05:51: INFO:httpx:HTTP Request: GET https://kuwait.gold-price-today.com/ "HTTP/1.1 200 OK"
2026-02-14T11:05:52: INFO:httpx:HTTP Request: GET https://sarf-today.com/currencies "HTTP/1.1 200 OK"
2026-02-14T11:05:52: INFO:app.scraper.currency:Success with sarf_today (or its fallback). Fetched 30 rates.
2026-02-14T11:05:52: INFO:app.main:Scraped 66 currency rates.
2026-02-14T11:05:52: INFO:app.main:Waiting 3600 seconds for next currency scrape...
2026-02-14T11:05:52: INFO:httpx:HTTP Request: GET https://ta3weem.com/ar/currency-exchange-rates/SAR-EGP "HTTP/1.1 200 OK"
2026-02-14T11:05:52: INFO:app.scraper.all_banks_scraper:SUCCESS: Ta3weem_AllBanks returned 29 banks for SAR
2026-02-14T11:05:52: INFO:app.scraper.all_banks_scraper:Skipping remaining sources (fallback strategy)
2026-02-14T11:05:52: INFO:app.scraper.all_banks_scraper:Trying Ta3weem_AllBanks for GBP (priority 1)
2026-02-14T11:05:52: INFO:app.scraper.engine:Scraping country: united-arab-emirates
2026-02-14T11:05:53: INFO:httpx:HTTP Request: GET https://united-arab-emirates.gold-price-today.com/ "HTTP/1.1 200 OK"
2026-02-14T11:05:54: INFO:httpx:HTTP Request: GET https://ta3weem.com/ar/currency-exchange-rates/GBP-EGP "HTTP/1.1 200 OK"
2026-02-14T11:05:54: INFO:app.scraper.all_banks_scraper:SUCCESS: Ta3weem_AllBanks returned 29 banks for GBP
2026-02-14T11:05:54: INFO:app.scraper.all_banks_scraper:Skipping remaining sources (fallback strategy)
2026-02-14T11:05:54: INFO:app.scraper.all_banks_scraper:Trying Ta3weem_AllBanks for KWD (priority 1)
2026-02-14T11:05:54: INFO:app.scraper.engine:Scraping country: qatar
2026-02-14T11:05:55: INFO:httpx:HTTP Request: GET https://qatar.gold-price-today.com/ "HTTP/1.1 200 OK"
2026-02-14T11:05:56: INFO:httpx:HTTP Request: GET https://ta3weem.com/ar/currency-exchange-rates/KWD-EGP "HTTP/1.1 200 OK"
2026-02-14T11:05:56: INFO:app.scraper.all_banks_scraper:SUCCESS: Ta3weem_AllBanks returned 24 banks for KWD
2026-02-14T11:05:56: INFO:app.scraper.all_banks_scraper:Skipping remaining sources (fallback strategy)
2026-02-14T11:05:56: INFO:app.scraper.all_banks_scraper:Trying Ta3weem_AllBanks for AED (priority 1)
2026-02-14T11:05:56: INFO:app.scraper.engine:Scraping country: yemen
2026-02-14T11:05:57: INFO:httpx:HTTP Request: GET https://yemen.gold-price-today.com/ "HTTP/1.1 200 OK"
2026-02-14T11:05:57: INFO:httpx:HTTP Request: GET https://ta3weem.com/ar/currency-exchange-rates/AED-EGP "HTTP/1.1 200 OK"
2026-02-14T11:05:57: INFO:app.scraper.all_banks_scraper:SUCCESS: Ta3weem_AllBanks returned 25 banks for AED
2026-02-14T11:05:57: INFO:app.scraper.all_banks_scraper:Skipping remaining sources (fallback strategy)
2026-02-14T11:05:57: INFO:app.scraper.all_banks_scraper:Trying Ta3weem_AllBanks for QAR (priority 1)
2026-02-14T11:05:58: INFO:app.scraper.engine:Scraping country: jordan
2026-02-14T11:05:59: INFO:httpx:HTTP Request: GET https://jordan.gold-price-today.com/ "HTTP/1.1 200 OK"
2026-02-14T11:05:59: INFO:httpx:HTTP Request: GET https://ta3weem.com/ar/currency-exchange-rates/QAR-EGP "HTTP/1.1 200 OK"
2026-02-14T11:05:59: INFO:app.scraper.all_banks_scraper:SUCCESS: Ta3weem_AllBanks returned 13 banks for QAR
2026-02-14T11:05:59: INFO:app.scraper.all_banks_scraper:Skipping remaining sources (fallback strategy)
2026-02-14T11:05:59: INFO:app.scraper.all_banks_scraper:Trying Ta3weem_AllBanks for JOD (priority 1)
2026-02-14T11:06:00: INFO:app.scraper.engine:Scraping country: iraq
2026-02-14T11:06:01: INFO:httpx:HTTP Request: GET https://iraq.gold-price-today.com/ "HTTP/1.1 200 OK"
2026-02-14T11:06:01: INFO:httpx:HTTP Request: GET https://ta3weem.com/ar/currency-exchange-rates/JOD-EGP "HTTP/1.1 200 OK"
2026-02-14T11:06:01: INFO:app.scraper.all_banks_scraper:SUCCESS: Ta3weem_AllBanks returned 8 banks for JOD
2026-02-14T11:06:01: INFO:app.scraper.all_banks_scraper:Skipping remaining sources (fallback strategy)
2026-02-14T11:06:01: INFO:app.scraper.all_banks_scraper:Trying Ta3weem_AllBanks for BHD (priority 1)
2026-02-14T11:06:02: INFO:app.scraper.engine:Scraping country: lebanon
2026-02-14T11:06:03: INFO:httpx:HTTP Request: GET https://lebanon.gold-price-today.com/ "HTTP/1.1 200 OK"
2026-02-14T11:06:03: INFO:httpx:HTTP Request: GET https://ta3weem.com/ar/currency-exchange-rates/BHD-EGP "HTTP/1.1 200 OK"
2026-02-14T11:06:03: INFO:app.scraper.all_banks_scraper:SUCCESS: Ta3weem_AllBanks returned 12 banks for BHD
2026-02-14T11:06:03: INFO:app.scraper.all_banks_scraper:Skipping remaining sources (fallback strategy)
2026-02-14T11:06:03: INFO:app.scraper.all_banks_scraper:Trying Ta3weem_AllBanks for OMR (priority 1)
2026-02-14T11:06:04: INFO:app.scraper.engine:Scraping country: oman
2026-02-14T11:06:05: INFO:httpx:HTTP Request: GET https://oman.gold-price-today.com/ "HTTP/1.1 200 OK"
2026-02-14T11:06:05: INFO:httpx:HTTP Request: GET https://ta3weem.com/ar/currency-exchange-rates/OMR-EGP "HTTP/1.1 200 OK"
2026-02-14T11:06:05: INFO:app.scraper.all_banks_scraper:SUCCESS: Ta3weem_AllBanks returned 10 banks for OMR
2026-02-14T11:06:05: INFO:app.scraper.all_banks_scraper:Skipping remaining sources (fallback strategy)
2026-02-14T11:06:05: INFO:app.scraper.all_banks_scraper:Trying Ta3weem_AllBanks for CAD (priority 1)
2026-02-14T11:06:06: INFO:app.scraper.engine:Scraping country: bahrain
2026-02-14T11:06:06: INFO:httpx:HTTP Request: GET https://bahrain.gold-price-today.com/ "HTTP/1.1 200 OK"
2026-02-14T11:06:07: INFO:httpx:HTTP Request: GET https://ta3weem.com/ar/currency-exchange-rates/CAD-EGP "HTTP/1.1 200 OK"
2026-02-14T11:06:07: INFO:app.scraper.all_banks_scraper:SUCCESS: Ta3weem_AllBanks returned 18 banks for CAD
2026-02-14T11:06:07: INFO:app.scraper.all_banks_scraper:Skipping remaining sources (fallback strategy)
2026-02-14T11:06:07: INFO:app.scraper.all_banks_scraper:Trying Ta3weem_AllBanks for AUD (priority 1)
2026-02-14T11:06:08: INFO:app.scraper.engine:Scraping country: algeria
2026-02-14T11:06:09: INFO:httpx:HTTP Request: GET https://algeria.gold-price-today.com/ "HTTP/1.1 200 OK"
2026-02-14T11:06:09: INFO:httpx:HTTP Request: GET https://ta3weem.com/ar/currency-exchange-rates/AUD-EGP "HTTP/1.1 200 OK"
2026-02-14T11:06:09: INFO:app.scraper.all_banks_scraper:SUCCESS: Ta3weem_AllBanks returned 13 banks for AUD
2026-02-14T11:06:09: INFO:app.scraper.all_banks_scraper:Skipping remaining sources (fallback strategy)
2026-02-14T11:06:09: INFO:app.scraper.all_banks_scraper:Trying Ta3weem_AllBanks for CHF (priority 1)
2026-02-14T11:06:10: INFO:app.scraper.engine:Scraping country: morocco
2026-02-14T11:06:11: INFO:httpx:HTTP Request: GET https://morocco.gold-price-today.com/ "HTTP/1.1 200 OK"
2026-02-14T11:06:11: INFO:httpx:HTTP Request: GET https://ta3weem.com/ar/currency-exchange-rates/CHF-EGP "HTTP/1.1 200 OK"
2026-02-14T11:06:11: INFO:app.scraper.all_banks_scraper:SUCCESS: Ta3weem_AllBanks returned 24 banks for CHF
2026-02-14T11:06:11: INFO:app.scraper.all_banks_scraper:Skipping remaining sources (fallback strategy)
2026-02-14T11:06:11: INFO:app.scraper.all_banks_scraper:Trying Ta3weem_AllBanks for JPY (priority 1)
2026-02-14T11:06:11: INFO:app.scraper.engine:Scraping country: palestine
2026-02-14T11:06:12: INFO:httpx:HTTP Request: GET https://palestine.gold-price-today.com/ "HTTP/1.1 200 OK"
2026-02-14T11:06:13: INFO:httpx:HTTP Request: GET https://ta3weem.com/ar/currency-exchange-rates/JPY-EGP "HTTP/1.1 200 OK"
2026-02-14T11:06:13: INFO:app.scraper.all_banks_scraper:SUCCESS: Ta3weem_AllBanks returned 21 banks for JPY
2026-02-14T11:06:13: INFO:app.scraper.all_banks_scraper:Skipping remaining sources (fallback strategy)
2026-02-14T11:06:13: INFO:app.main:Scraped 284 bank rates.
2026-02-14T11:06:13: INFO:app.main:Successfully updated database snapshot.
2026-02-14T11:06:13: INFO:app.main:Waiting 3600 seconds for next full bank scrape...
2026-02-14T11:06:13: INFO:app.main:Scraped 84 country prices.
2026-02-14T11:06:13: INFO:app.main:Waiting 3600 seconds for next country scrape...
2026-02-14T11:08:04: INFO:app.main:Connecting to Database: sqlite:///C:\Users\Mina\Desktop\gold\Back-End\gold_prices.db
2026-02-14T11:08:04: INFO:app.main:Database initialized successfully.
2026-02-14T11:08:04: INFO:     Started server process [6708]
2026-02-14T11:08:04: INFO:     Waiting for application startup.
2026-02-14T11:08:04: INFO:app.main:Backend Smart Layer Activated in production mode.
2026-02-14T11:08:04: INFO:app.main:Starting scheduled gold scrape...
2026-02-14T11:08:04: INFO:app.scraper.engine:Attempting source 1/5: EgyptGoldPriceToday
2026-02-14T11:08:06: INFO:app.main:Starting scheduled country scrape...
2026-02-14T11:08:06: INFO:app.scraper.engine:Scraping country: egypt
2026-02-14T11:08:07: INFO:app.main:Starting scheduled currency scrape...
2026-02-14T11:08:07: INFO:app.scraper.currency:Attempting currency source: Ta3weem_bdc
2026-02-14T11:08:08: INFO:app.main:Starting scheduled full banks scrape...
2026-02-14T11:08:08: INFO:app.scraper.all_banks_scraper:Trying Ta3weem_AllBanks for USD (priority 1)
2026-02-14T11:08:09: INFO:app.main:Starting scheduled silver scrape...
2026-02-14T11:08:09: INFO:app.scraper.silver_scraper:Attempting to scrape PRIMARY source: safehavenhub.com
2026-02-14T11:08:10: INFO:     Application startup complete.
2026-02-14T11:08:10: INFO:     Uvicorn running on http://0.0.0.0:8000 (Press CTRL+C to quit)
2026-02-14T11:08:11: INFO:httpx:HTTP Request: GET https://egypt.gold-price-today.com/ "HTTP/1.1 200 OK"
2026-02-14T11:08:11: INFO:httpx:HTTP Request: GET https://egypt.gold-price-today.com/ "HTTP/1.1 200 OK"
2026-02-14T11:08:11: INFO:app.scraper.engine:Success with EgyptGoldPriceToday (Primary). Fetched 6 prices.
2026-02-14T11:08:11: INFO:app.main:Scraped 6 gold prices.
2026-02-14T11:08:11: INFO:app.main:Waiting 300 seconds for next gold scrape...
2026-02-14T11:08:11: INFO:httpx:HTTP Request: GET https://safehavenhub.com/pages/%D8%A7%D8%B3%D8%B9%D8%A7%D8%B1-%D8%A7%D9%84%D8%B0%D9%87%D8%A8-%D9%88%D8%A7%D9%84%D9%81%D8%B6%D8%A9 "HTTP/1.1 200 OK"
2026-02-14T11:08:11: INFO:app.scraper.silver_scraper:PRIMARY source successful: safehavenhub.com
2026-02-14T11:08:11: INFO:app.main:Silver scrape successful! Source: safehavenhub
2026-02-14T11:08:11: INFO:app.main:Waiting 60 seconds for next silver scrape...
2026-02-14T11:08:11: INFO:httpx:HTTP Request: GET https://ta3weem.com/ar/currency-exchange-rates/USD-EGP "HTTP/1.1 200 OK"
2026-02-14T11:08:11: INFO:httpx:HTTP Request: GET https://ta3weem.com/ar/banks/banque-du-caire-bdc "HTTP/1.1 200 OK"
2026-02-14T11:08:11: INFO:app.scraper.all_banks_scraper:SUCCESS: Ta3weem_AllBanks returned 29 banks for USD
2026-02-14T11:08:11: INFO:app.scraper.all_banks_scraper:Skipping remaining sources (fallback strategy)
2026-02-14T11:08:11: INFO:app.scraper.all_banks_scraper:Trying Ta3weem_AllBanks for EUR (priority 1)
2026-02-14T11:08:12: INFO:app.scraper.currency:Success with ta3weem_bdc (or its fallback). Fetched 18 rates.
2026-02-14T11:08:12: INFO:app.scraper.currency:Attempting currency source: Ta3weem_nbe
2026-02-14T11:08:13: INFO:app.scraper.engine:Scraping country: saudi-arabia
2026-02-14T11:08:15: INFO:httpx:HTTP Request: GET https://saudi-arabia.gold-price-today.com/ "HTTP/1.1 200 OK"
2026-02-14T11:08:15: INFO:httpx:HTTP Request: GET https://ta3weem.com/ar/banks/national-bank-of-egypt-nbe "HTTP/1.1 200 OK"
2026-02-14T11:08:15: INFO:httpx:HTTP Request: GET https://ta3weem.com/ar/currency-exchange-rates/EUR-EGP "HTTP/1.1 200 OK"
2026-02-14T11:08:15: INFO:app.scraper.currency:Success with ta3weem_nbe (or its fallback). Fetched 18 rates.
2026-02-14T11:08:15: INFO:app.scraper.currency:Attempting currency source: SarfToday
2026-02-14T11:08:17: INFO:app.scraper.all_banks_scraper:SUCCESS: Ta3weem_AllBanks returned 29 banks for EUR
2026-02-14T11:08:17: INFO:app.scraper.all_banks_scraper:Skipping remaining sources (fallback strategy)
2026-02-14T11:08:17: INFO:app.scraper.all_banks_scraper:Trying Ta3weem_AllBanks for SAR (priority 1)
2026-02-14T11:08:17: INFO:app.scraper.engine:Scraping country: kuwait
2026-02-14T11:08:19: INFO:httpx:HTTP Request: GET https://sarf-today.com/currencies "HTTP/1.1 200 OK"
2026-02-14T11:08:19: INFO:app.scraper.currency:Success with sarf_today (or its fallback). Fetched 30 rates.
2026-02-14T11:08:19: INFO:app.main:Scraped 66 currency rates.
2026-02-14T11:08:19: INFO:app.main:Waiting 3600 seconds for next currency scrape...
2026-02-14T11:08:19: INFO:httpx:HTTP Request: GET https://ta3weem.com/ar/currency-exchange-rates/SAR-EGP "HTTP/1.1 200 OK"
2026-02-14T11:08:19: INFO:app.scraper.all_banks_scraper:SUCCESS: Ta3weem_AllBanks returned 29 banks for SAR
2026-02-14T11:08:19: INFO:app.scraper.all_banks_scraper:Skipping remaining sources (fallback strategy)
2026-02-14T11:08:19: INFO:app.scraper.all_banks_scraper:Trying Ta3weem_AllBanks for GBP (priority 1)
2026-02-14T11:08:20: INFO:httpx:HTTP Request: GET https://kuwait.gold-price-today.com/ "HTTP/1.1 200 OK"
2026-02-14T11:08:21: INFO:app.scraper.engine:Scraping country: united-arab-emirates
2026-02-14T11:08:21: INFO:httpx:HTTP Request: GET https://ta3weem.com/ar/currency-exchange-rates/GBP-EGP "HTTP/1.1 200 OK"
2026-02-14T11:08:22: INFO:app.scraper.all_banks_scraper:SUCCESS: Ta3weem_AllBanks returned 29 banks for GBP
2026-02-14T11:08:22: INFO:app.scraper.all_banks_scraper:Skipping remaining sources (fallback strategy)
2026-02-14T11:08:22: INFO:app.scraper.all_banks_scraper:Trying Ta3weem_AllBanks for KWD (priority 1)
2026-02-14T11:08:23: INFO:httpx:HTTP Request: GET https://united-arab-emirates.gold-price-today.com/ "HTTP/1.1 200 OK"
2026-02-14T11:08:23: INFO:httpx:HTTP Request: GET https://ta3weem.com/ar/currency-exchange-rates/KWD-EGP "HTTP/1.1 200 OK"
2026-02-14T11:08:23: INFO:app.scraper.all_banks_scraper:SUCCESS: Ta3weem_AllBanks returned 24 banks for KWD
2026-02-14T11:08:23: INFO:app.scraper.all_banks_scraper:Skipping remaining sources (fallback strategy)
2026-02-14T11:08:23: INFO:app.scraper.all_banks_scraper:Trying Ta3weem_AllBanks for AED (priority 1)
2026-02-14T11:08:24: INFO:app.scraper.engine:Scraping country: qatar
2026-02-14T11:08:25: INFO:httpx:HTTP Request: GET https://qatar.gold-price-today.com/ "HTTP/1.1 200 OK"
2026-02-14T11:08:25: INFO:httpx:HTTP Request: GET https://ta3weem.com/ar/currency-exchange-rates/AED-EGP "HTTP/1.1 200 OK"
2026-02-14T11:08:26: INFO:app.scraper.all_banks_scraper:SUCCESS: Ta3weem_AllBanks returned 25 banks for AED
2026-02-14T11:08:26: INFO:app.scraper.all_banks_scraper:Skipping remaining sources (fallback strategy)
2026-02-14T11:08:26: INFO:app.scraper.all_banks_scraper:Trying Ta3weem_AllBanks for QAR (priority 1)
2026-02-14T11:08:27: INFO:app.scraper.engine:Scraping country: yemen
2026-02-14T11:08:28: INFO:httpx:HTTP Request: GET https://yemen.gold-price-today.com/ "HTTP/1.1 200 OK"
2026-02-14T11:08:28: INFO:httpx:HTTP Request: GET https://ta3weem.com/ar/currency-exchange-rates/QAR-EGP "HTTP/1.1 200 OK"
2026-02-14T11:08:28: INFO:app.scraper.all_banks_scraper:SUCCESS: Ta3weem_AllBanks returned 13 banks for QAR
2026-02-14T11:08:28: INFO:app.scraper.all_banks_scraper:Skipping remaining sources (fallback strategy)
2026-02-14T11:08:28: INFO:app.scraper.all_banks_scraper:Trying Ta3weem_AllBanks for JOD (priority 1)
2026-02-14T11:08:29: INFO:app.scraper.engine:Scraping country: jordan
2026-02-14T11:08:31: INFO:httpx:HTTP Request: GET https://jordan.gold-price-today.com/ "HTTP/1.1 200 OK"
2026-02-14T11:08:31: INFO:httpx:HTTP Request: GET https://ta3weem.com/ar/currency-exchange-rates/JOD-EGP "HTTP/1.1 200 OK"
2026-02-14T11:08:31: INFO:app.scraper.all_banks_scraper:SUCCESS: Ta3weem_AllBanks returned 8 banks for JOD
2026-02-14T11:08:31: INFO:app.scraper.all_banks_scraper:Skipping remaining sources (fallback strategy)
2026-02-14T11:08:31: INFO:app.scraper.all_banks_scraper:Trying Ta3weem_AllBanks for BHD (priority 1)
2026-02-14T11:08:32: INFO:app.scraper.engine:Scraping country: iraq
2026-02-14T11:08:33: INFO:httpx:HTTP Request: GET https://iraq.gold-price-today.com/ "HTTP/1.1 200 OK"
2026-02-14T11:08:33: INFO:httpx:HTTP Request: GET https://ta3weem.com/ar/currency-exchange-rates/BHD-EGP "HTTP/1.1 200 OK"
2026-02-14T11:08:34: INFO:app.scraper.all_banks_scraper:SUCCESS: Ta3weem_AllBanks returned 12 banks for BHD
2026-02-14T11:08:34: INFO:app.scraper.all_banks_scraper:Skipping remaining sources (fallback strategy)
2026-02-14T11:08:34: INFO:app.scraper.all_banks_scraper:Trying Ta3weem_AllBanks for OMR (priority 1)
2026-02-14T11:08:34: INFO:app.scraper.engine:Scraping country: lebanon
2026-02-14T11:08:36: INFO:httpx:HTTP Request: GET https://lebanon.gold-price-today.com/ "HTTP/1.1 200 OK"
2026-02-14T11:08:36: INFO:httpx:HTTP Request: GET https://ta3weem.com/ar/currency-exchange-rates/OMR-EGP "HTTP/1.1 200 OK"
2026-02-14T11:08:36: INFO:app.scraper.all_banks_scraper:SUCCESS: Ta3weem_AllBanks returned 10 banks for OMR
2026-02-14T11:08:36: INFO:app.scraper.all_banks_scraper:Skipping remaining sources (fallback strategy)
2026-02-14T11:08:36: INFO:app.scraper.all_banks_scraper:Trying Ta3weem_AllBanks for CAD (priority 1)
2026-02-14T11:08:37: INFO:app.scraper.engine:Scraping country: oman
2026-02-14T11:08:38: INFO:httpx:HTTP Request: GET https://oman.gold-price-today.com/ "HTTP/1.1 200 OK"
2026-02-14T11:08:38: INFO:httpx:HTTP Request: GET https://ta3weem.com/ar/currency-exchange-rates/CAD-EGP "HTTP/1.1 200 OK"
2026-02-14T11:08:38: INFO:app.scraper.all_banks_scraper:SUCCESS: Ta3weem_AllBanks returned 18 banks for CAD
2026-02-14T11:08:38: INFO:app.scraper.all_banks_scraper:Skipping remaining sources (fallback strategy)
2026-02-14T11:08:38: INFO:app.scraper.all_banks_scraper:Trying Ta3weem_AllBanks for AUD (priority 1)
2026-02-14T11:08:39: INFO:app.scraper.engine:Scraping country: bahrain
2026-02-14T11:08:40: INFO:httpx:HTTP Request: GET https://bahrain.gold-price-today.com/ "HTTP/1.1 200 OK"
2026-02-14T11:08:40: INFO:httpx:HTTP Request: GET https://ta3weem.com/ar/currency-exchange-rates/AUD-EGP "HTTP/1.1 200 OK"
2026-02-14T11:08:40: INFO:app.scraper.all_banks_scraper:SUCCESS: Ta3weem_AllBanks returned 13 banks for AUD
2026-02-14T11:08:40: INFO:app.scraper.all_banks_scraper:Skipping remaining sources (fallback strategy)
2026-02-14T11:08:40: INFO:app.scraper.all_banks_scraper:Trying Ta3weem_AllBanks for CHF (priority 1)
2026-02-14T11:08:41: INFO:app.scraper.engine:Scraping country: algeria
2026-02-14T11:08:42: INFO:httpx:HTTP Request: GET https://algeria.gold-price-today.com/ "HTTP/1.1 200 OK"
2026-02-14T11:08:42: INFO:httpx:HTTP Request: GET https://ta3weem.com/ar/currency-exchange-rates/CHF-EGP "HTTP/1.1 200 OK"
2026-02-14T11:08:42: INFO:app.scraper.all_banks_scraper:SUCCESS: Ta3weem_AllBanks returned 24 banks for CHF
2026-02-14T11:08:42: INFO:app.scraper.all_banks_scraper:Skipping remaining sources (fallback strategy)
2026-02-14T11:08:42: INFO:app.scraper.all_banks_scraper:Trying Ta3weem_AllBanks for JPY (priority 1)
2026-02-14T11:08:43: INFO:app.scraper.engine:Scraping country: morocco
2026-02-14T11:08:44: INFO:httpx:HTTP Request: GET https://morocco.gold-price-today.com/ "HTTP/1.1 200 OK"
2026-02-14T11:08:44: INFO:httpx:HTTP Request: GET https://ta3weem.com/ar/currency-exchange-rates/JPY-EGP "HTTP/1.1 200 OK"
2026-02-14T11:08:45: INFO:app.scraper.all_banks_scraper:SUCCESS: Ta3weem_AllBanks returned 21 banks for JPY
2026-02-14T11:08:45: INFO:app.scraper.all_banks_scraper:Skipping remaining sources (fallback strategy)
2026-02-14T11:08:45: INFO:app.main:Scraped 284 bank rates.
2026-02-14T11:08:45: INFO:app.main:Successfully updated database snapshot.
2026-02-14T11:08:45: INFO:app.main:Waiting 3600 seconds for next full bank scrape...
2026-02-14T11:08:45: INFO:app.scraper.engine:Scraping country: palestine
2026-02-14T11:08:46: INFO:httpx:HTTP Request: GET https://palestine.gold-price-today.com/ "HTTP/1.1 200 OK"
2026-02-14T11:08:47: INFO:app.main:Scraped 84 country prices.
2026-02-14T11:08:47: INFO:app.main:Waiting 3600 seconds for next country scrape...
2026-02-14T11:09:11: INFO:app.main:Starting scheduled silver scrape...
2026-02-14T11:09:11: INFO:app.scraper.silver_scraper:Attempting to scrape PRIMARY source: safehavenhub.com
2026-02-14T11:09:12: INFO:httpx:HTTP Request: GET https://safehavenhub.com/pages/%D8%A7%D8%B3%D8%B9%D8%A7%D8%B1-%D8%A7%D9%84%D8%B0%D9%87%D8%A8-%D9%88%D8%A7%D9%84%D9%81%D8%B6%D8%A9 "HTTP/1.1 200 OK"
2026-02-14T11:09:13: INFO:app.scraper.silver_scraper:PRIMARY source successful: safehavenhub.com
2026-02-14T11:09:13: INFO:app.main:Silver scrape successful! Source: safehavenhub
2026-02-14T11:09:13: INFO:app.main:Waiting 60 seconds for next silver scrape...
2026-02-14T11:10:13: INFO:app.main:Starting scheduled silver scrape...
2026-02-14T11:10:13: INFO:app.scraper.silver_scraper:Attempting to scrape PRIMARY source: safehavenhub.com
2026-02-14T11:10:15: INFO:httpx:HTTP Request: GET https://safehavenhub.com/pages/%D8%A7%D8%B3%D8%B9%D8%A7%D8%B1-%D8%A7%D9%84%D8%B0%D9%87%D8%A8-%D9%88%D8%A7%D9%84%D9%81%D8%B6%D8%A9 "HTTP/1.1 200 OK"
2026-02-14T11:10:15: INFO:app.scraper.silver_scraper:PRIMARY source successful: safehavenhub.com
2026-02-14T11:10:15: INFO:app.main:Silver scrape successful! Source: safehavenhub
2026-02-14T11:10:15: INFO:app.main:Waiting 60 seconds for next silver scrape...
2026-02-14T11:11:15: INFO:app.main:Starting scheduled silver scrape...
2026-02-14T11:11:15: INFO:app.scraper.silver_scraper:Attempting to scrape PRIMARY source: safehavenhub.com
2026-02-14T11:11:17: INFO:httpx:HTTP Request: GET https://safehavenhub.com/pages/%D8%A7%D8%B3%D8%B9%D8%A7%D8%B1-%D8%A7%D9%84%D8%B0%D9%87%D8%A8-%D9%88%D8%A7%D9%84%D9%81%D8%B6%D8%A9 "HTTP/1.1 200 OK"
2026-02-14T11:11:17: INFO:app.scraper.silver_scraper:PRIMARY source successful: safehavenhub.com
2026-02-14T11:11:17: INFO:app.main:Silver scrape successful! Source: safehavenhub
2026-02-14T11:11:17: INFO:app.main:Waiting 60 seconds for next silver scrape...
2026-02-14T11:11:52: INFO:app.main:Connecting to Database: sqlite:///C:\Users\Mina\Desktop\gold\Back-End\gold_prices.db
2026-02-14T11:11:52: INFO:app.main:Database initialized successfully.
2026-02-14T11:11:52: INFO:     Started server process [2064]
2026-02-14T11:11:52: INFO:     Waiting for application startup.
2026-02-14T11:11:52: INFO:app.main:Backend Smart Layer Activated in production mode.
2026-02-14T11:11:52: INFO:app.main:Starting scheduled gold scrape...
2026-02-14T11:11:52: INFO:app.scraper.engine:Attempting source 1/5: EgyptGoldPriceToday
2026-02-14T11:11:53: INFO:app.main:Starting scheduled country scrape...
2026-02-14T11:11:53: INFO:app.scraper.engine:Scraping country: egypt
2026-02-14T11:11:54: INFO:app.main:Starting scheduled currency scrape...
2026-02-14T11:11:54: INFO:app.scraper.currency:Attempting currency source: Ta3weem_bdc
2026-02-14T11:11:55: INFO:app.main:Starting scheduled full banks scrape...
2026-02-14T11:11:55: INFO:app.scraper.all_banks_scraper:Trying Ta3weem_AllBanks for USD (priority 1)
2026-02-14T11:11:56: INFO:app.main:Starting scheduled silver scrape...
2026-02-14T11:11:56: INFO:app.scraper.silver_scraper:Attempting to scrape PRIMARY source: safehavenhub.com
2026-02-14T11:12:00: INFO:app.main:Connecting to Database: sqlite:///C:\Users\Mina\Desktop\gold\Back-End\gold_prices.db
2026-02-14T11:12:00: INFO:app.main:Database initialized successfully.
2026-02-14T11:12:00: INFO:     Started server process [12492]
2026-02-14T11:12:00: INFO:     Waiting for application startup.
2026-02-14T11:12:00: INFO:app.main:Backend Smart Layer Activated in production mode.
2026-02-14T11:12:00: INFO:app.main:Starting scheduled gold scrape...
2026-02-14T11:12:00: INFO:app.scraper.engine:Attempting source 1/5: EgyptGoldPriceToday
2026-02-14T11:12:02: INFO:app.main:Starting scheduled country scrape...
2026-02-14T11:12:02: INFO:app.scraper.engine:Scraping country: egypt
2026-02-14T11:12:02: INFO:app.main:Starting scheduled currency scrape...
2026-02-14T11:12:02: INFO:app.scraper.currency:Attempting currency source: Ta3weem_bdc
2026-02-14T11:12:03: INFO:app.main:Starting scheduled full banks scrape...
2026-02-14T11:12:03: INFO:app.scraper.all_banks_scraper:Trying Ta3weem_AllBanks for USD (priority 1)
2026-02-14T11:12:04: INFO:app.main:Starting scheduled silver scrape...
2026-02-14T11:12:04: INFO:app.scraper.silver_scraper:Attempting to scrape PRIMARY source: safehavenhub.com
2026-02-14T11:12:05: INFO:     Application startup complete.
2026-02-14T11:12:05: INFO:     Uvicorn running on http://0.0.0.0:8000 (Press CTRL+C to quit)
2026-02-14T11:12:05: INFO:httpx:HTTP Request: GET https://egypt.gold-price-today.com/ "HTTP/1.1 200 OK"
2026-02-14T11:12:05: INFO:httpx:HTTP Request: GET https://egypt.gold-price-today.com/ "HTTP/1.1 200 OK"
2026-02-14T11:12:05: INFO:app.scraper.engine:Success with EgyptGoldPriceToday (Primary). Fetched 6 prices.
2026-02-14T11:12:05: INFO:app.main:Scraped 6 gold prices.
2026-02-14T11:12:05: INFO:app.main:Waiting 300 seconds for next gold scrape...
2026-02-14T11:12:05: INFO:httpx:HTTP Request: GET https://safehavenhub.com/pages/%D8%A7%D8%B3%D8%B9%D8%A7%D8%B1-%D8%A7%D9%84%D8%B0%D9%87%D8%A8-%D9%88%D8%A7%D9%84%D9%81%D8%B6%D8%A9 "HTTP/1.1 200 OK"
2026-02-14T11:12:05: INFO:app.scraper.silver_scraper:PRIMARY source successful: safehavenhub.com
2026-02-14T11:12:06: INFO:app.main:Silver scrape successful! Source: safehavenhub
2026-02-14T11:12:06: INFO:app.main:Waiting 60 seconds for next silver scrape...
2026-02-14T11:12:06: INFO:httpx:HTTP Request: GET https://ta3weem.com/ar/banks/banque-du-caire-bdc "HTTP/1.1 200 OK"
2026-02-14T11:12:06: INFO:httpx:HTTP Request: GET https://ta3weem.com/ar/currency-exchange-rates/USD-EGP "HTTP/1.1 200 OK"
2026-02-14T11:12:06: INFO:app.scraper.currency:Success with ta3weem_bdc (or its fallback). Fetched 18 rates.
2026-02-14T11:12:06: INFO:app.scraper.currency:Attempting currency source: Ta3weem_nbe
2026-02-14T11:12:07: INFO:app.scraper.engine:Scraping country: saudi-arabia
2026-02-14T11:12:08: INFO:app.scraper.all_banks_scraper:SUCCESS: Ta3weem_AllBanks returned 29 banks for USD
2026-02-14T11:12:08: INFO:app.scraper.all_banks_scraper:Skipping remaining sources (fallback strategy)
2026-02-14T11:12:08: INFO:app.scraper.all_banks_scraper:Trying Ta3weem_AllBanks for EUR (priority 1)
2026-02-14T11:12:09: INFO:httpx:HTTP Request: GET https://saudi-arabia.gold-price-today.com/ "HTTP/1.1 200 OK"
2026-02-14T11:12:09: INFO:httpx:HTTP Request: GET https://ta3weem.com/ar/banks/national-bank-of-egypt-nbe "HTTP/1.1 200 OK"
2026-02-14T11:12:09: INFO:app.scraper.currency:Success with ta3weem_nbe (or its fallback). Fetched 18 rates.
2026-02-14T11:12:09: INFO:app.scraper.currency:Attempting currency source: SarfToday
2026-02-14T11:12:10: INFO:httpx:HTTP Request: GET https://ta3weem.com/ar/currency-exchange-rates/EUR-EGP "HTTP/1.1 200 OK"
2026-02-14T11:12:10: INFO:app.scraper.engine:Scraping country: kuwait
2026-02-14T11:12:11: INFO:app.scraper.all_banks_scraper:SUCCESS: Ta3weem_AllBanks returned 29 banks for EUR
2026-02-14T11:12:11: INFO:app.scraper.all_banks_scraper:Skipping remaining sources (fallback strategy)
2026-02-14T11:12:11: INFO:app.scraper.all_banks_scraper:Trying Ta3weem_AllBanks for SAR (priority 1)
2026-02-14T11:12:12: INFO:httpx:HTTP Request: GET https://kuwait.gold-price-today.com/ "HTTP/1.1 200 OK"
2026-02-14T11:12:12: INFO:httpx:HTTP Request: GET https://sarf-today.com/currencies "HTTP/1.1 200 OK"
2026-02-14T11:12:13: INFO:app.scraper.currency:Success with sarf_today (or its fallback). Fetched 30 rates.
2026-02-14T11:12:13: INFO:app.main:Scraped 66 currency rates.
2026-02-14T11:12:13: INFO:app.main:Waiting 3600 seconds for next currency scrape...
2026-02-14T11:12:13: INFO:httpx:HTTP Request: GET https://ta3weem.com/ar/currency-exchange-rates/SAR-EGP "HTTP/1.1 200 OK"
2026-02-14T11:12:13: INFO:app.scraper.all_banks_scraper:SUCCESS: Ta3weem_AllBanks returned 29 banks for SAR
2026-02-14T11:12:13: INFO:app.scraper.all_banks_scraper:Skipping remaining sources (fallback strategy)
2026-02-14T11:12:13: INFO:app.scraper.all_banks_scraper:Trying Ta3weem_AllBanks for GBP (priority 1)
2026-02-14T11:12:14: INFO:app.scraper.engine:Scraping country: united-arab-emirates
2026-02-14T11:12:15: INFO:httpx:HTTP Request: GET https://united-arab-emirates.gold-price-today.com/ "HTTP/1.1 200 OK"
2026-02-14T11:12:15: INFO:httpx:HTTP Request: GET https://ta3weem.com/ar/currency-exchange-rates/GBP-EGP "HTTP/1.1 200 OK"
2026-02-14T11:12:15: INFO:app.scraper.all_banks_scraper:SUCCESS: Ta3weem_AllBanks returned 29 banks for GBP
2026-02-14T11:12:15: INFO:app.scraper.all_banks_scraper:Skipping remaining sources (fallback strategy)
2026-02-14T11:12:15: INFO:app.scraper.all_banks_scraper:Trying Ta3weem_AllBanks for KWD (priority 1)
2026-02-14T11:12:16: INFO:app.scraper.engine:Scraping country: qatar
2026-02-14T11:12:17: INFO:httpx:HTTP Request: GET https://qatar.gold-price-today.com/ "HTTP/1.1 200 OK"
2026-02-14T11:12:18: INFO:httpx:HTTP Request: GET https://ta3weem.com/ar/currency-exchange-rates/KWD-EGP "HTTP/1.1 200 OK"
2026-02-14T11:12:18: INFO:app.scraper.all_banks_scraper:SUCCESS: Ta3weem_AllBanks returned 24 banks for KWD
2026-02-14T11:12:18: INFO:app.scraper.all_banks_scraper:Skipping remaining sources (fallback strategy)
2026-02-14T11:12:18: INFO:app.scraper.all_banks_scraper:Trying Ta3weem_AllBanks for AED (priority 1)
2026-02-14T11:12:19: INFO:app.scraper.engine:Scraping country: yemen
2026-02-14T11:12:20: INFO:httpx:HTTP Request: GET https://yemen.gold-price-today.com/ "HTTP/1.1 200 OK"
2026-02-14T11:12:20: INFO:httpx:HTTP Request: GET https://ta3weem.com/ar/currency-exchange-rates/AED-EGP "HTTP/1.1 200 OK"
2026-02-14T11:12:20: INFO:app.scraper.all_banks_scraper:SUCCESS: Ta3weem_AllBanks returned 25 banks for AED
2026-02-14T11:12:20: INFO:app.scraper.all_banks_scraper:Skipping remaining sources (fallback strategy)
2026-02-14T11:12:20: INFO:app.scraper.all_banks_scraper:Trying Ta3weem_AllBanks for QAR (priority 1)
2026-02-14T11:12:21: INFO:app.scraper.engine:Scraping country: jordan
2026-02-14T11:12:22: INFO:httpx:HTTP Request: GET https://jordan.gold-price-today.com/ "HTTP/1.1 200 OK"
2026-02-14T11:12:22: INFO:httpx:HTTP Request: GET https://ta3weem.com/ar/currency-exchange-rates/QAR-EGP "HTTP/1.1 200 OK"
2026-02-14T11:12:23: INFO:app.scraper.all_banks_scraper:SUCCESS: Ta3weem_AllBanks returned 13 banks for QAR
2026-02-14T11:12:23: INFO:app.scraper.all_banks_scraper:Skipping remaining sources (fallback strategy)
2026-02-14T11:12:23: INFO:app.scraper.all_banks_scraper:Trying Ta3weem_AllBanks for JOD (priority 1)
2026-02-14T11:12:23: INFO:app.scraper.engine:Scraping country: iraq
2026-02-14T11:12:25: INFO:httpx:HTTP Request: GET https://iraq.gold-price-today.com/ "HTTP/1.1 200 OK"
2026-02-14T11:12:25: INFO:httpx:HTTP Request: GET https://ta3weem.com/ar/currency-exchange-rates/JOD-EGP "HTTP/1.1 200 OK"
2026-02-14T11:12:25: INFO:app.scraper.all_banks_scraper:SUCCESS: Ta3weem_AllBanks returned 8 banks for JOD
2026-02-14T11:12:25: INFO:app.scraper.all_banks_scraper:Skipping remaining sources (fallback strategy)
2026-02-14T11:12:25: INFO:app.scraper.all_banks_scraper:Trying Ta3weem_AllBanks for BHD (priority 1)
2026-02-14T11:12:26: INFO:app.scraper.engine:Scraping country: lebanon
2026-02-14T11:12:27: INFO:httpx:HTTP Request: GET https://lebanon.gold-price-today.com/ "HTTP/1.1 200 OK"
2026-02-14T11:12:27: INFO:httpx:HTTP Request: GET https://ta3weem.com/ar/currency-exchange-rates/BHD-EGP "HTTP/1.1 200 OK"
2026-02-14T11:12:27: INFO:app.scraper.all_banks_scraper:SUCCESS: Ta3weem_AllBanks returned 12 banks for BHD
2026-02-14T11:12:27: INFO:app.scraper.all_banks_scraper:Skipping remaining sources (fallback strategy)
2026-02-14T11:12:27: INFO:app.scraper.all_banks_scraper:Trying Ta3weem_AllBanks for OMR (priority 1)
2026-02-14T11:12:28: INFO:app.scraper.engine:Scraping country: oman
2026-02-14T11:12:29: INFO:httpx:HTTP Request: GET https://oman.gold-price-today.com/ "HTTP/1.1 200 OK"
2026-02-14T11:12:30: INFO:httpx:HTTP Request: GET https://ta3weem.com/ar/currency-exchange-rates/OMR-EGP "HTTP/1.1 200 OK"
2026-02-14T11:12:30: INFO:app.scraper.all_banks_scraper:SUCCESS: Ta3weem_AllBanks returned 10 banks for OMR
2026-02-14T11:12:30: INFO:app.scraper.all_banks_scraper:Skipping remaining sources (fallback strategy)
2026-02-14T11:12:30: INFO:app.scraper.all_banks_scraper:Trying Ta3weem_AllBanks for CAD (priority 1)
2026-02-14T11:12:31: INFO:app.scraper.engine:Scraping country: bahrain
2026-02-14T11:12:32: INFO:httpx:HTTP Request: GET https://bahrain.gold-price-today.com/ "HTTP/1.1 200 OK"
2026-02-14T11:12:32: INFO:httpx:HTTP Request: GET https://ta3weem.com/ar/currency-exchange-rates/CAD-EGP "HTTP/1.1 200 OK"
2026-02-14T11:12:32: INFO:app.scraper.all_banks_scraper:SUCCESS: Ta3weem_AllBanks returned 18 banks for CAD
2026-02-14T11:12:32: INFO:app.scraper.all_banks_scraper:Skipping remaining sources (fallback strategy)
2026-02-14T11:12:32: INFO:app.scraper.all_banks_scraper:Trying Ta3weem_AllBanks for AUD (priority 1)
2026-02-14T11:12:33: INFO:app.scraper.engine:Scraping country: algeria
2026-02-14T11:12:34: INFO:httpx:HTTP Request: GET https://algeria.gold-price-today.com/ "HTTP/1.1 200 OK"
2026-02-14T11:12:34: INFO:httpx:HTTP Request: GET https://ta3weem.com/ar/currency-exchange-rates/AUD-EGP "HTTP/1.1 200 OK"
2026-02-14T11:12:34: INFO:app.scraper.all_banks_scraper:SUCCESS: Ta3weem_AllBanks returned 13 banks for AUD
2026-02-14T11:12:34: INFO:app.scraper.all_banks_scraper:Skipping remaining sources (fallback strategy)
2026-02-14T11:12:34: INFO:app.scraper.all_banks_scraper:Trying Ta3weem_AllBanks for CHF (priority 1)
2026-02-14T11:12:36: INFO:app.scraper.engine:Scraping country: morocco
2026-02-14T11:12:37: INFO:httpx:HTTP Request: GET https://ta3weem.com/ar/currency-exchange-rates/CHF-EGP "HTTP/1.1 200 OK"
2026-02-14T11:12:37: INFO:app.scraper.all_banks_scraper:SUCCESS: Ta3weem_AllBanks returned 24 banks for CHF
2026-02-14T11:12:37: INFO:app.scraper.all_banks_scraper:Skipping remaining sources (fallback strategy)
2026-02-14T11:12:37: INFO:app.scraper.all_banks_scraper:Trying Ta3weem_AllBanks for JPY (priority 1)
2026-02-14T11:12:38: INFO:httpx:HTTP Request: GET https://morocco.gold-price-today.com/ "HTTP/1.1 200 OK"
2026-02-14T11:12:38: INFO:httpx:HTTP Request: GET https://ta3weem.com/ar/currency-exchange-rates/JPY-EGP "HTTP/1.1 200 OK"
2026-02-14T11:12:39: INFO:app.scraper.all_banks_scraper:SUCCESS: Ta3weem_AllBanks returned 21 banks for JPY
2026-02-14T11:12:39: INFO:app.scraper.all_banks_scraper:Skipping remaining sources (fallback strategy)
2026-02-14T11:12:39: INFO:app.main:Scraped 284 bank rates.
2026-02-14T11:12:39: INFO:app.main:Successfully updated database snapshot.
2026-02-14T11:12:39: INFO:app.main:Waiting 3600 seconds for next full bank scrape...
2026-02-14T11:12:39: INFO:app.scraper.engine:Scraping country: palestine
2026-02-14T11:12:40: INFO:httpx:HTTP Request: GET https://palestine.gold-price-today.com/ "HTTP/1.1 200 OK"
2026-02-14T11:12:41: INFO:app.main:Scraped 84 country prices.
2026-02-14T11:12:41: INFO:app.main:Waiting 3600 seconds for next country scrape...
2026-02-14T11:13:06: INFO:app.main:Starting scheduled silver scrape...
2026-02-14T11:13:06: INFO:app.scraper.silver_scraper:Attempting to scrape PRIMARY source: safehavenhub.com
2026-02-14T11:13:07: INFO:httpx:HTTP Request: GET https://safehavenhub.com/pages/%D8%A7%D8%B3%D8%B9%D8%A7%D8%B1-%D8%A7%D9%84%D8%B0%D9%87%D8%A8-%D9%88%D8%A7%D9%84%D9%81%D8%B6%D8%A9 "HTTP/1.1 200 OK"
2026-02-14T11:13:07: INFO:app.scraper.silver_scraper:PRIMARY source successful: safehavenhub.com
2026-02-14T11:13:07: INFO:app.main:Silver scrape successful! Source: safehavenhub
2026-02-14T11:13:07: INFO:app.main:Waiting 60 seconds for next silver scrape...
2026-02-14T11:13:50: INFO:app.main:Connecting to Database: sqlite:///C:\Users\Mina\Desktop\gold\Back-End\gold_prices.db
2026-02-14T11:13:50: INFO:app.main:Database initialized successfully.
2026-02-14T11:13:50: INFO:     Started server process [10960]
2026-02-14T11:13:50: INFO:     Waiting for application startup.
2026-02-14T11:13:50: INFO:app.main:Backend Smart Layer Activated in production mode.
2026-02-14T11:13:50: INFO:app.main:Starting scheduled gold scrape...
2026-02-14T11:13:50: INFO:app.scraper.engine:Attempting source 1/5: EgyptGoldPriceToday
2026-02-14T11:13:51: INFO:app.main:Starting scheduled country scrape...
2026-02-14T11:13:51: INFO:app.scraper.engine:Scraping country: egypt
2026-02-14T11:13:52: INFO:app.main:Starting scheduled currency scrape...
2026-02-14T11:13:52: INFO:app.scraper.currency:Attempting currency source: Ta3weem_bdc
2026-02-14T11:13:53: INFO:app.main:Starting scheduled full banks scrape...
2026-02-14T11:13:53: INFO:app.scraper.all_banks_scraper:Trying Ta3weem_AllBanks for USD (priority 1)
2026-02-14T11:13:53: INFO:app.main:Starting scheduled silver scrape...
2026-02-14T11:13:53: INFO:app.scraper.silver_scraper:Attempting to scrape PRIMARY source: safehavenhub.com
2026-02-14T11:13:54: INFO:     Application startup complete.
2026-02-14T11:13:54: INFO:     Uvicorn running on http://0.0.0.0:8000 (Press CTRL+C to quit)
2026-02-14T11:13:54: INFO:httpx:HTTP Request: GET https://safehavenhub.com/pages/%D8%A7%D8%B3%D8%B9%D8%A7%D8%B1-%D8%A7%D9%84%D8%B0%D9%87%D8%A8-%D9%88%D8%A7%D9%84%D9%81%D8%B6%D8%A9 "HTTP/1.1 200 OK"
2026-02-14T11:13:54: INFO:app.scraper.silver_scraper:PRIMARY source successful: safehavenhub.com
2026-02-14T11:13:54: INFO:app.main:Silver scrape successful! Source: safehavenhub
2026-02-14T11:13:54: INFO:app.main:Waiting 60 seconds for next silver scrape...
2026-02-14T11:13:54: INFO:httpx:HTTP Request: GET https://egypt.gold-price-today.com/ "HTTP/1.1 200 OK"
2026-02-14T11:13:54: INFO:httpx:HTTP Request: GET https://egypt.gold-price-today.com/ "HTTP/1.1 200 OK"
2026-02-14T11:13:54: INFO:app.scraper.engine:Success with EgyptGoldPriceToday (Primary). Fetched 6 prices.
2026-02-14T11:13:54: INFO:app.main:Scraped 6 gold prices.
2026-02-14T11:13:54: INFO:app.main:Waiting 300 seconds for next gold scrape...
2026-02-14T11:13:55: INFO:httpx:HTTP Request: GET https://ta3weem.com/ar/banks/banque-du-caire-bdc "HTTP/1.1 200 OK"
2026-02-14T11:13:55: INFO:app.scraper.currency:Success with ta3weem_bdc (or its fallback). Fetched 18 rates.
2026-02-14T11:13:55: INFO:app.scraper.currency:Attempting currency source: Ta3weem_nbe
2026-02-14T11:13:55: INFO:httpx:HTTP Request: GET https://ta3weem.com/ar/currency-exchange-rates/USD-EGP "HTTP/1.1 200 OK"
2026-02-14T11:13:55: INFO:app.scraper.engine:Scraping country: saudi-arabia
2026-02-14T11:13:56: INFO:app.scraper.all_banks_scraper:SUCCESS: Ta3weem_AllBanks returned 29 banks for USD
2026-02-14T11:13:56: INFO:app.scraper.all_banks_scraper:Skipping remaining sources (fallback strategy)
2026-02-14T11:13:56: INFO:app.scraper.all_banks_scraper:Trying Ta3weem_AllBanks for EUR (priority 1)
2026-02-14T11:13:57: INFO:httpx:HTTP Request: GET https://saudi-arabia.gold-price-today.com/ "HTTP/1.1 200 OK"
2026-02-14T11:13:57: INFO:httpx:HTTP Request: GET https://ta3weem.com/ar/banks/national-bank-of-egypt-nbe "HTTP/1.1 200 OK"
2026-02-14T11:13:57: INFO:app.scraper.currency:Success with ta3weem_nbe (or its fallback). Fetched 18 rates.
2026-02-14T11:13:57: INFO:app.scraper.currency:Attempting currency source: SarfToday
2026-02-14T11:13:58: INFO:httpx:HTTP Request: GET https://ta3weem.com/ar/currency-exchange-rates/EUR-EGP "HTTP/1.1 200 OK"
2026-02-14T11:13:58: INFO:app.scraper.engine:Scraping country: kuwait
2026-02-14T11:13:59: INFO:app.scraper.all_banks_scraper:SUCCESS: Ta3weem_AllBanks returned 29 banks for EUR
2026-02-14T11:13:59: INFO:app.scraper.all_banks_scraper:Skipping remaining sources (fallback strategy)
2026-02-14T11:13:59: INFO:app.scraper.all_banks_scraper:Trying Ta3weem_AllBanks for SAR (priority 1)
2026-02-14T11:14:00: INFO:httpx:HTTP Request: GET https://kuwait.gold-price-today.com/ "HTTP/1.1 200 OK"
2026-02-14T11:14:00: INFO:httpx:HTTP Request: GET https://sarf-today.com/currencies "HTTP/1.1 200 OK"
2026-02-14T11:14:00: INFO:app.scraper.currency:Success with sarf_today (or its fallback). Fetched 30 rates.
2026-02-14T11:14:00: INFO:app.main:Scraped 66 currency rates.
2026-02-14T11:14:00: INFO:app.main:Waiting 3600 seconds for next currency scrape...
2026-02-14T11:14:00: INFO:httpx:HTTP Request: GET https://ta3weem.com/ar/currency-exchange-rates/SAR-EGP "HTTP/1.1 200 OK"
2026-02-14T11:14:00: INFO:app.scraper.all_banks_scraper:SUCCESS: Ta3weem_AllBanks returned 29 banks for SAR
2026-02-14T11:14:00: INFO:app.scraper.all_banks_scraper:Skipping remaining sources (fallback strategy)
2026-02-14T11:14:00: INFO:app.scraper.all_banks_scraper:Trying Ta3weem_AllBanks for GBP (priority 1)
2026-02-14T11:14:01: INFO:app.scraper.engine:Scraping country: united-arab-emirates
2026-02-14T11:14:02: INFO:httpx:HTTP Request: GET https://united-arab-emirates.gold-price-today.com/ "HTTP/1.1 200 OK"
2026-02-14T11:14:02: INFO:httpx:HTTP Request: GET https://ta3weem.com/ar/currency-exchange-rates/GBP-EGP "HTTP/1.1 200 OK"
2026-02-14T11:14:02: INFO:app.scraper.all_banks_scraper:SUCCESS: Ta3weem_AllBanks returned 29 banks for GBP
2026-02-14T11:14:02: INFO:app.scraper.all_banks_scraper:Skipping remaining sources (fallback strategy)
2026-02-14T11:14:02: INFO:app.scraper.all_banks_scraper:Trying Ta3weem_AllBanks for KWD (priority 1)
2026-02-14T11:14:03: INFO:app.scraper.engine:Scraping country: qatar
2026-02-14T11:14:04: INFO:httpx:HTTP Request: GET https://qatar.gold-price-today.com/ "HTTP/1.1 200 OK"
2026-02-14T11:14:04: INFO:httpx:HTTP Request: GET https://ta3weem.com/ar/currency-exchange-rates/KWD-EGP "HTTP/1.1 200 OK"
2026-02-14T11:14:04: INFO:app.scraper.all_banks_scraper:SUCCESS: Ta3weem_AllBanks returned 24 banks for KWD
2026-02-14T11:14:04: INFO:app.scraper.all_banks_scraper:Skipping remaining sources (fallback strategy)
2026-02-14T11:14:04: INFO:app.scraper.all_banks_scraper:Trying Ta3weem_AllBanks for AED (priority 1)
2026-02-14T11:14:05: INFO:app.scraper.engine:Scraping country: yemen
2026-02-14T11:14:06: INFO:httpx:HTTP Request: GET https://yemen.gold-price-today.com/ "HTTP/1.1 200 OK"
2026-02-14T11:14:07: INFO:httpx:HTTP Request: GET https://ta3weem.com/ar/currency-exchange-rates/AED-EGP "HTTP/1.1 200 OK"
2026-02-14T11:14:07: INFO:app.scraper.all_banks_scraper:SUCCESS: Ta3weem_AllBanks returned 25 banks for AED
2026-02-14T11:14:07: INFO:app.scraper.all_banks_scraper:Skipping remaining sources (fallback strategy)
2026-02-14T11:14:07: INFO:app.scraper.all_banks_scraper:Trying Ta3weem_AllBanks for QAR (priority 1)
2026-02-14T11:14:07: INFO:app.scraper.engine:Scraping country: jordan
2026-02-14T11:14:08: INFO:httpx:HTTP Request: GET https://jordan.gold-price-today.com/ "HTTP/1.1 200 OK"
2026-02-14T11:14:08: INFO:httpx:HTTP Request: GET https://ta3weem.com/ar/currency-exchange-rates/QAR-EGP "HTTP/1.1 200 OK"
2026-02-14T11:14:09: INFO:app.scraper.all_banks_scraper:SUCCESS: Ta3weem_AllBanks returned 13 banks for QAR
2026-02-14T11:14:09: INFO:app.scraper.all_banks_scraper:Skipping remaining sources (fallback strategy)
2026-02-14T11:14:09: INFO:app.scraper.all_banks_scraper:Trying Ta3weem_AllBanks for JOD (priority 1)
2026-02-14T11:14:09: INFO:app.scraper.engine:Scraping country: iraq
2026-02-14T11:14:10: INFO:httpx:HTTP Request: GET https://iraq.gold-price-today.com/ "HTTP/1.1 200 OK"
2026-02-14T11:14:10: INFO:httpx:HTTP Request: GET https://ta3weem.com/ar/currency-exchange-rates/JOD-EGP "HTTP/1.1 200 OK"
2026-02-14T11:14:10: INFO:app.scraper.all_banks_scraper:SUCCESS: Ta3weem_AllBanks returned 8 banks for JOD
2026-02-14T11:14:10: INFO:app.scraper.all_banks_scraper:Skipping remaining sources (fallback strategy)
2026-02-14T11:14:10: INFO:app.scraper.all_banks_scraper:Trying Ta3weem_AllBanks for BHD (priority 1)
2026-02-14T11:14:11: INFO:app.scraper.engine:Scraping country: lebanon
2026-02-14T11:14:12: INFO:httpx:HTTP Request: GET https://lebanon.gold-price-today.com/ "HTTP/1.1 200 OK"
2026-02-14T11:14:12: INFO:httpx:HTTP Request: GET https://ta3weem.com/ar/currency-exchange-rates/BHD-EGP "HTTP/1.1 200 OK"
2026-02-14T11:14:12: INFO:app.scraper.all_banks_scraper:SUCCESS: Ta3weem_AllBanks returned 12 banks for BHD
2026-02-14T11:14:12: INFO:app.scraper.all_banks_scraper:Skipping remaining sources (fallback strategy)
2026-02-14T11:14:12: INFO:app.scraper.all_banks_scraper:Trying Ta3weem_AllBanks for OMR (priority 1)
2026-02-14T11:14:13: INFO:app.scraper.engine:Scraping country: oman
2026-02-14T11:14:14: INFO:httpx:HTTP Request: GET https://oman.gold-price-today.com/ "HTTP/1.1 200 OK"
2026-02-14T11:14:14: INFO:httpx:HTTP Request: GET https://ta3weem.com/ar/currency-exchange-rates/OMR-EGP "HTTP/1.1 200 OK"
2026-02-14T11:14:14: INFO:app.scraper.all_banks_scraper:SUCCESS: Ta3weem_AllBanks returned 10 banks for OMR
2026-02-14T11:14:14: INFO:app.scraper.all_banks_scraper:Skipping remaining sources (fallback strategy)
2026-02-14T11:14:14: INFO:app.scraper.all_banks_scraper:Trying Ta3weem_AllBanks for CAD (priority 1)
2026-02-14T11:14:15: INFO:app.scraper.engine:Scraping country: bahrain
2026-02-14T11:14:16: INFO:httpx:HTTP Request: GET https://bahrain.gold-price-today.com/ "HTTP/1.1 200 OK"
2026-02-14T11:14:16: INFO:httpx:HTTP Request: GET https://ta3weem.com/ar/currency-exchange-rates/CAD-EGP "HTTP/1.1 200 OK"
2026-02-14T11:14:16: INFO:app.scraper.all_banks_scraper:SUCCESS: Ta3weem_AllBanks returned 18 banks for CAD
2026-02-14T11:14:16: INFO:app.scraper.all_banks_scraper:Skipping remaining sources (fallback strategy)
2026-02-14T11:14:16: INFO:app.scraper.all_banks_scraper:Trying Ta3weem_AllBanks for AUD (priority 1)
2026-02-14T11:14:17: INFO:app.scraper.engine:Scraping country: algeria
2026-02-14T11:14:18: INFO:httpx:HTTP Request: GET https://algeria.gold-price-today.com/ "HTTP/1.1 200 OK"
2026-02-14T11:14:18: INFO:httpx:HTTP Request: GET https://ta3weem.com/ar/currency-exchange-rates/AUD-EGP "HTTP/1.1 200 OK"
2026-02-14T11:14:18: INFO:app.scraper.all_banks_scraper:SUCCESS: Ta3weem_AllBanks returned 13 banks for AUD
2026-02-14T11:14:18: INFO:app.scraper.all_banks_scraper:Skipping remaining sources (fallback strategy)
2026-02-14T11:14:18: INFO:app.scraper.all_banks_scraper:Trying Ta3weem_AllBanks for CHF (priority 1)
2026-02-14T11:14:19: INFO:app.scraper.engine:Scraping country: morocco
2026-02-14T11:14:20: INFO:httpx:HTTP Request: GET https://morocco.gold-price-today.com/ "HTTP/1.1 200 OK"
2026-02-14T11:14:20: INFO:httpx:HTTP Request: GET https://ta3weem.com/ar/currency-exchange-rates/CHF-EGP "HTTP/1.1 200 OK"
2026-02-14T11:14:20: INFO:app.scraper.all_banks_scraper:SUCCESS: Ta3weem_AllBanks returned 24 banks for CHF
2026-02-14T11:14:20: INFO:app.scraper.all_banks_scraper:Skipping remaining sources (fallback strategy)
2026-02-14T11:14:20: INFO:app.scraper.all_banks_scraper:Trying Ta3weem_AllBanks for JPY (priority 1)
2026-02-14T11:14:21: INFO:app.scraper.engine:Scraping country: palestine
2026-02-14T11:14:22: INFO:httpx:HTTP Request: GET https://palestine.gold-price-today.com/ "HTTP/1.1 200 OK"
2026-02-14T11:14:22: INFO:httpx:HTTP Request: GET https://ta3weem.com/ar/currency-exchange-rates/JPY-EGP "HTTP/1.1 200 OK"
2026-02-14T11:14:22: INFO:app.scraper.all_banks_scraper:SUCCESS: Ta3weem_AllBanks returned 21 banks for JPY
2026-02-14T11:14:22: INFO:app.scraper.all_banks_scraper:Skipping remaining sources (fallback strategy)
2026-02-14T11:14:22: INFO:app.main:Scraped 284 bank rates.
2026-02-14T11:14:22: INFO:app.main:Successfully updated database snapshot.
2026-02-14T11:14:22: INFO:app.main:Waiting 3600 seconds for next full bank scrape...
2026-02-14T11:14:22: INFO:app.main:Scraped 84 country prices.
2026-02-14T11:14:22: INFO:app.main:Waiting 3600 seconds for next country scrape...
2026-02-14T11:14:54: INFO:app.main:Starting scheduled silver scrape...
2026-02-14T11:14:54: INFO:app.scraper.silver_scraper:Attempting to scrape PRIMARY source: safehavenhub.com
2026-02-14T11:14:55: INFO:httpx:HTTP Request: GET https://safehavenhub.com/pages/%D8%A7%D8%B3%D8%B9%D8%A7%D8%B1-%D8%A7%D9%84%D8%B0%D9%87%D8%A8-%D9%88%D8%A7%D9%84%D9%81%D8%B6%D8%A9 "HTTP/1.1 200 OK"
2026-02-14T11:14:55: INFO:app.scraper.silver_scraper:PRIMARY source successful: safehavenhub.com
2026-02-14T11:14:55: INFO:app.main:Silver scrape successful! Source: safehavenhub
2026-02-14T11:14:55: INFO:app.main:Waiting 60 seconds for next silver scrape...
2026-02-14T11:15:33: INFO:app.main:Connecting to Database: sqlite:///C:\Users\Mina\Desktop\gold\Back-End\gold_prices.db
2026-02-14T11:15:33: INFO:app.main:Database initialized successfully.
2026-02-14T11:15:33: INFO:     Started server process [3888]
2026-02-14T11:15:33: INFO:     Waiting for application startup.
2026-02-14T11:15:33: INFO:app.main:Backend Smart Layer Activated in production mode.
2026-02-14T11:15:33: INFO:app.main:Starting scheduled gold scrape...
2026-02-14T11:15:33: INFO:app.scraper.engine:Attempting source 1/5: EgyptGoldPriceToday
2026-02-14T11:15:33: INFO:app.main:Starting scheduled country scrape...
2026-02-14T11:15:33: INFO:app.scraper.engine:Scraping country: egypt
2026-02-14T11:15:34: INFO:app.main:Starting scheduled currency scrape...
2026-02-14T11:15:34: INFO:app.scraper.currency:Attempting currency source: Ta3weem_bdc
2026-02-14T11:15:35: INFO:app.main:Starting scheduled full banks scrape...
2026-02-14T11:15:35: INFO:app.scraper.all_banks_scraper:Trying Ta3weem_AllBanks for USD (priority 1)
2026-02-14T11:15:35: INFO:app.main:Starting scheduled silver scrape...
2026-02-14T11:15:35: INFO:app.scraper.silver_scraper:Attempting to scrape PRIMARY source: safehavenhub.com
2026-02-14T11:15:36: INFO:     Application startup complete.
2026-02-14T11:15:36: INFO:     Uvicorn running on http://0.0.0.0:8000 (Press CTRL+C to quit)
2026-02-14T11:15:36: INFO:httpx:HTTP Request: GET https://safehavenhub.com/pages/%D8%A7%D8%B3%D8%B9%D8%A7%D8%B1-%D8%A7%D9%84%D8%B0%D9%87%D8%A8-%D9%88%D8%A7%D9%84%D9%81%D8%B6%D8%A9 "HTTP/1.1 200 OK"
2026-02-14T11:15:36: INFO:httpx:HTTP Request: GET https://egypt.gold-price-today.com/ "HTTP/1.1 200 OK"
2026-02-14T11:15:36: INFO:app.scraper.silver_scraper:PRIMARY source successful: safehavenhub.com
2026-02-14T11:15:36: INFO:app.main:Silver scrape successful! Source: safehavenhub
2026-02-14T11:15:36: INFO:app.main:Waiting 60 seconds for next silver scrape...
2026-02-14T11:15:36: INFO:httpx:HTTP Request: GET https://egypt.gold-price-today.com/ "HTTP/1.1 200 OK"
2026-02-14T11:15:36: INFO:app.scraper.engine:Success with EgyptGoldPriceToday (Primary). Fetched 6 prices.
2026-02-14T11:15:36: INFO:app.main:Scraped 6 gold prices.
2026-02-14T11:15:36: INFO:app.main:Waiting 300 seconds for next gold scrape...
2026-02-14T11:15:37: INFO:httpx:HTTP Request: GET https://ta3weem.com/ar/banks/banque-du-caire-bdc "HTTP/1.1 200 OK"
2026-02-14T11:15:37: INFO:app.scraper.currency:Success with ta3weem_bdc (or its fallback). Fetched 18 rates.
2026-02-14T11:15:37: INFO:app.scraper.currency:Attempting currency source: Ta3weem_nbe
2026-02-14T11:15:37: INFO:httpx:HTTP Request: GET https://ta3weem.com/ar/currency-exchange-rates/USD-EGP "HTTP/1.1 200 OK"
2026-02-14T11:15:37: INFO:app.scraper.engine:Scraping country: saudi-arabia
2026-02-14T11:15:38: INFO:app.scraper.all_banks_scraper:SUCCESS: Ta3weem_AllBanks returned 29 banks for USD
2026-02-14T11:15:38: INFO:app.scraper.all_banks_scraper:Skipping remaining sources (fallback strategy)
2026-02-14T11:15:38: INFO:app.scraper.all_banks_scraper:Trying Ta3weem_AllBanks for EUR (priority 1)
2026-02-14T11:15:39: INFO:httpx:HTTP Request: GET https://saudi-arabia.gold-price-today.com/ "HTTP/1.1 200 OK"
2026-02-14T11:15:39: INFO:httpx:HTTP Request: GET https://ta3weem.com/ar/banks/national-bank-of-egypt-nbe "HTTP/1.1 200 OK"
2026-02-14T11:15:39: INFO:app.scraper.currency:Success with ta3weem_nbe (or its fallback). Fetched 18 rates.
2026-02-14T11:15:39: INFO:app.scraper.currency:Attempting currency source: SarfToday
2026-02-14T11:15:40: INFO:httpx:HTTP Request: GET https://ta3weem.com/ar/currency-exchange-rates/EUR-EGP "HTTP/1.1 200 OK"
2026-02-14T11:15:40: INFO:app.scraper.engine:Scraping country: kuwait
2026-02-14T11:15:41: INFO:app.scraper.all_banks_scraper:SUCCESS: Ta3weem_AllBanks returned 29 banks for EUR
2026-02-14T11:15:41: INFO:app.scraper.all_banks_scraper:Skipping remaining sources (fallback strategy)
2026-02-14T11:15:41: INFO:app.scraper.all_banks_scraper:Trying Ta3weem_AllBanks for SAR (priority 1)
2026-02-14T11:15:42: INFO:httpx:HTTP Request: GET https://sarf-today.com/currencies "HTTP/1.1 200 OK"
2026-02-14T11:15:42: INFO:app.scraper.currency:Success with sarf_today (or its fallback). Fetched 30 rates.
2026-02-14T11:15:42: INFO:app.main:Scraped 66 currency rates.
2026-02-14T11:15:42: INFO:app.main:Waiting 3600 seconds for next currency scrape...
2026-02-14T11:15:42: INFO:httpx:HTTP Request: GET https://kuwait.gold-price-today.com/ "HTTP/1.1 200 OK"
2026-02-14T11:15:42: INFO:httpx:HTTP Request: GET https://ta3weem.com/ar/currency-exchange-rates/SAR-EGP "HTTP/1.1 200 OK"
2026-02-14T11:15:42: INFO:app.scraper.all_banks_scraper:SUCCESS: Ta3weem_AllBanks returned 29 banks for SAR
2026-02-14T11:15:42: INFO:app.scraper.all_banks_scraper:Skipping remaining sources (fallback strategy)
2026-02-14T11:15:42: INFO:app.scraper.all_banks_scraper:Trying Ta3weem_AllBanks for GBP (priority 1)
2026-02-14T11:15:43: INFO:app.scraper.engine:Scraping country: united-arab-emirates
2026-02-14T11:15:44: INFO:httpx:HTTP Request: GET https://united-arab-emirates.gold-price-today.com/ "HTTP/1.1 200 OK"
2026-02-14T11:15:44: INFO:httpx:HTTP Request: GET https://ta3weem.com/ar/currency-exchange-rates/GBP-EGP "HTTP/1.1 200 OK"
2026-02-14T11:15:44: INFO:app.scraper.all_banks_scraper:SUCCESS: Ta3weem_AllBanks returned 29 banks for GBP
2026-02-14T11:15:44: INFO:app.scraper.all_banks_scraper:Skipping remaining sources (fallback strategy)
2026-02-14T11:15:44: INFO:app.scraper.all_banks_scraper:Trying Ta3weem_AllBanks for KWD (priority 1)
2026-02-14T11:15:45: INFO:app.scraper.engine:Scraping country: qatar
2026-02-14T11:15:46: INFO:httpx:HTTP Request: GET https://qatar.gold-price-today.com/ "HTTP/1.1 200 OK"
2026-02-14T11:15:46: INFO:httpx:HTTP Request: GET https://ta3weem.com/ar/currency-exchange-rates/KWD-EGP "HTTP/1.1 200 OK"
2026-02-14T11:15:46: INFO:app.scraper.all_banks_scraper:SUCCESS: Ta3weem_AllBanks returned 24 banks for KWD
2026-02-14T11:15:46: INFO:app.scraper.all_banks_scraper:Skipping remaining sources (fallback strategy)
2026-02-14T11:15:46: INFO:app.scraper.all_banks_scraper:Trying Ta3weem_AllBanks for AED (priority 1)
2026-02-14T11:15:47: INFO:app.scraper.engine:Scraping country: yemen
2026-02-14T11:15:48: INFO:httpx:HTTP Request: GET https://yemen.gold-price-today.com/ "HTTP/1.1 200 OK"
2026-02-14T11:15:49: INFO:httpx:HTTP Request: GET https://ta3weem.com/ar/currency-exchange-rates/AED-EGP "HTTP/1.1 200 OK"
2026-02-14T11:15:49: INFO:app.scraper.all_banks_scraper:SUCCESS: Ta3weem_AllBanks returned 25 banks for AED
2026-02-14T11:15:49: INFO:app.scraper.all_banks_scraper:Skipping remaining sources (fallback strategy)
2026-02-14T11:15:49: INFO:app.scraper.all_banks_scraper:Trying Ta3weem_AllBanks for QAR (priority 1)
2026-02-14T11:15:53: INFO:app.main:Connecting to Database: sqlite:///C:\Users\Mina\Desktop\gold\Back-End\gold_prices.db
2026-02-14T11:15:53: INFO:app.main:Database initialized successfully.
2026-02-14T11:15:53: INFO:     Started server process [12824]
2026-02-14T11:15:53: INFO:     Waiting for application startup.
2026-02-14T11:15:53: INFO:app.main:Backend Smart Layer Activated in production mode.
2026-02-14T11:15:53: INFO:app.main:Starting scheduled gold scrape...
2026-02-14T11:15:53: INFO:app.scraper.engine:Attempting source 1/5: EgyptGoldPriceToday
2026-02-14T11:15:54: INFO:app.main:Starting scheduled country scrape...
2026-02-14T11:15:54: INFO:app.scraper.engine:Scraping country: egypt
2026-02-14T11:15:54: INFO:app.main:Starting scheduled currency scrape...
2026-02-14T11:15:54: INFO:app.scraper.currency:Attempting currency source: Ta3weem_bdc
2026-02-14T11:15:55: INFO:app.main:Starting scheduled full banks scrape...
2026-02-14T11:15:55: INFO:app.scraper.all_banks_scraper:Trying Ta3weem_AllBanks for USD (priority 1)
2026-02-14T11:15:56: INFO:app.main:Starting scheduled silver scrape...
2026-02-14T11:15:56: INFO:app.scraper.silver_scraper:Attempting to scrape PRIMARY source: safehavenhub.com
2026-02-14T11:15:56: INFO:     Application startup complete.
2026-02-14T11:15:56: INFO:     Uvicorn running on http://0.0.0.0:8000 (Press CTRL+C to quit)
2026-02-14T11:15:57: INFO:httpx:HTTP Request: GET https://safehavenhub.com/pages/%D8%A7%D8%B3%D8%B9%D8%A7%D8%B1-%D8%A7%D9%84%D8%B0%D9%87%D8%A8-%D9%88%D8%A7%D9%84%D9%81%D8%B6%D8%A9 "HTTP/1.1 200 OK"
2026-02-14T11:15:57: INFO:httpx:HTTP Request: GET https://egypt.gold-price-today.com/ "HTTP/1.1 200 OK"
2026-02-14T11:15:57: INFO:app.scraper.silver_scraper:PRIMARY source successful: safehavenhub.com
2026-02-14T11:15:57: INFO:app.main:Silver scrape successful! Source: safehavenhub
2026-02-14T11:15:57: INFO:app.main:Waiting 60 seconds for next silver scrape...
2026-02-14T11:15:57: INFO:httpx:HTTP Request: GET https://egypt.gold-price-today.com/ "HTTP/1.1 200 OK"
2026-02-14T11:15:57: INFO:app.scraper.engine:Success with EgyptGoldPriceToday (Primary). Fetched 6 prices.
2026-02-14T11:15:57: INFO:app.main:Scraped 6 gold prices.
2026-02-14T11:15:57: INFO:app.main:Waiting 300 seconds for next gold scrape...
2026-02-14T11:15:57: INFO:httpx:HTTP Request: GET https://ta3weem.com/ar/currency-exchange-rates/USD-EGP "HTTP/1.1 200 OK"
2026-02-14T11:15:57: INFO:httpx:HTTP Request: GET https://ta3weem.com/ar/banks/banque-du-caire-bdc "HTTP/1.1 200 OK"
2026-02-14T11:15:57: INFO:app.scraper.all_banks_scraper:SUCCESS: Ta3weem_AllBanks returned 29 banks for USD
2026-02-14T11:15:57: INFO:app.scraper.all_banks_scraper:Skipping remaining sources (fallback strategy)
2026-02-14T11:15:57: INFO:app.scraper.all_banks_scraper:Trying Ta3weem_AllBanks for EUR (priority 1)
2026-02-14T11:15:58: INFO:app.scraper.engine:Scraping country: saudi-arabia
2026-02-14T11:15:59: INFO:app.scraper.currency:Success with ta3weem_bdc (or its fallback). Fetched 18 rates.
2026-02-14T11:15:59: INFO:app.scraper.currency:Attempting currency source: Ta3weem_nbe
2026-02-14T11:16:00: INFO:httpx:HTTP Request: GET https://saudi-arabia.gold-price-today.com/ "HTTP/1.1 200 OK"
2026-02-14T11:16:00: INFO:httpx:HTTP Request: GET https://ta3weem.com/ar/currency-exchange-rates/EUR-EGP "HTTP/1.1 200 OK"
2026-02-14T11:16:00: INFO:httpx:HTTP Request: GET https://ta3weem.com/ar/banks/national-bank-of-egypt-nbe "HTTP/1.1 200 OK"
2026-02-14T11:16:03: INFO:app.main:Connecting to Database: sqlite:///C:\Users\Mina\Desktop\gold\Back-End\gold_prices.db
2026-02-14T11:16:03: INFO:app.main:Database initialized successfully.
2026-02-14T11:16:03: INFO:     Started server process [11676]
2026-02-14T11:16:03: INFO:     Waiting for application startup.
2026-02-14T11:16:03: INFO:app.main:Backend Smart Layer Activated in production mode.
2026-02-14T11:16:03: INFO:app.main:Starting scheduled gold scrape...
2026-02-14T11:16:03: INFO:app.scraper.engine:Attempting source 1/5: EgyptGoldPriceToday
2026-02-14T11:16:04: INFO:app.main:Starting scheduled country scrape...
2026-02-14T11:16:04: INFO:app.scraper.engine:Scraping country: egypt
2026-02-14T11:16:05: INFO:app.main:Starting scheduled currency scrape...
2026-02-14T11:16:05: INFO:app.scraper.currency:Attempting currency source: Ta3weem_bdc
2026-02-14T11:16:06: INFO:app.main:Starting scheduled full banks scrape...
2026-02-14T11:16:06: INFO:app.scraper.all_banks_scraper:Trying Ta3weem_AllBanks for USD (priority 1)
2026-02-14T11:16:06: INFO:app.main:Starting scheduled silver scrape...
2026-02-14T11:16:06: INFO:app.scraper.silver_scraper:Attempting to scrape PRIMARY source: safehavenhub.com
2026-02-14T11:16:11: INFO:app.main:Connecting to Database: sqlite:///C:\Users\Mina\Desktop\gold\Back-End\gold_prices.db
2026-02-14T11:16:11: INFO:app.main:Database initialized successfully.
2026-02-14T11:16:11: INFO:     Started server process [12436]
2026-02-14T11:16:11: INFO:     Waiting for application startup.
2026-02-14T11:16:11: INFO:app.main:Backend Smart Layer Activated in production mode.
2026-02-14T11:16:11: INFO:app.main:Starting scheduled gold scrape...
2026-02-14T11:16:11: INFO:app.scraper.engine:Attempting source 1/5: EgyptGoldPriceToday
2026-02-14T11:16:12: INFO:app.main:Starting scheduled country scrape...
2026-02-14T11:16:12: INFO:app.scraper.engine:Scraping country: egypt
2026-02-14T11:16:12: INFO:app.main:Starting scheduled currency scrape...
2026-02-14T11:16:12: INFO:app.scraper.currency:Attempting currency source: Ta3weem_bdc
2026-02-14T11:16:13: INFO:app.main:Starting scheduled full banks scrape...
2026-02-14T11:16:13: INFO:app.scraper.all_banks_scraper:Trying Ta3weem_AllBanks for USD (priority 1)
2026-02-14T11:16:14: INFO:app.main:Starting scheduled silver scrape...
2026-02-14T11:16:14: INFO:app.scraper.silver_scraper:Attempting to scrape PRIMARY source: safehavenhub.com
2026-02-14T11:16:15: INFO:     Application startup complete.
2026-02-14T11:16:15: INFO:     Uvicorn running on http://0.0.0.0:8000 (Press CTRL+C to quit)
2026-02-14T11:16:15: INFO:httpx:HTTP Request: GET https://egypt.gold-price-today.com/ "HTTP/1.1 200 OK"
2026-02-14T11:16:15: INFO:httpx:HTTP Request: GET https://egypt.gold-price-today.com/ "HTTP/1.1 200 OK"
2026-02-14T11:16:15: INFO:app.scraper.engine:Success with EgyptGoldPriceToday (Primary). Fetched 6 prices.
2026-02-14T11:16:15: INFO:app.main:Scraped 6 gold prices.
2026-02-14T11:16:15: INFO:app.main:Waiting 300 seconds for next gold scrape...
2026-02-14T11:16:15: INFO:httpx:HTTP Request: GET https://safehavenhub.com/pages/%D8%A7%D8%B3%D8%B9%D8%A7%D8%B1-%D8%A7%D9%84%D8%B0%D9%87%D8%A8-%D9%88%D8%A7%D9%84%D9%81%D8%B6%D8%A9 "HTTP/1.1 200 OK"
2026-02-14T11:16:15: INFO:app.scraper.silver_scraper:PRIMARY source successful: safehavenhub.com
2026-02-14T11:16:15: INFO:app.main:Silver scrape successful! Source: safehavenhub
2026-02-14T11:16:15: INFO:app.main:Waiting 60 seconds for next silver scrape...
2026-02-14T11:16:15: INFO:httpx:HTTP Request: GET https://ta3weem.com/ar/banks/banque-du-caire-bdc "HTTP/1.1 200 OK"
2026-02-14T11:16:16: INFO:app.scraper.currency:Success with ta3weem_bdc (or its fallback). Fetched 18 rates.
2026-02-14T11:16:16: INFO:app.scraper.currency:Attempting currency source: Ta3weem_nbe
2026-02-14T11:16:16: INFO:httpx:HTTP Request: GET https://ta3weem.com/ar/currency-exchange-rates/USD-EGP "HTTP/1.1 200 OK"
2026-02-14T11:16:16: INFO:app.scraper.engine:Scraping country: saudi-arabia
2026-02-14T11:16:17: INFO:app.scraper.all_banks_scraper:SUCCESS: Ta3weem_AllBanks returned 29 banks for USD
2026-02-14T11:16:17: INFO:app.scraper.all_banks_scraper:Skipping remaining sources (fallback strategy)
2026-02-14T11:16:17: INFO:app.scraper.all_banks_scraper:Trying Ta3weem_AllBanks for EUR (priority 1)
2026-02-14T11:16:18: INFO:httpx:HTTP Request: GET https://saudi-arabia.gold-price-today.com/ "HTTP/1.1 200 OK"
2026-02-14T11:16:18: INFO:httpx:HTTP Request: GET https://ta3weem.com/ar/banks/national-bank-of-egypt-nbe "HTTP/1.1 200 OK"
2026-02-14T11:16:18: INFO:app.scraper.currency:Success with ta3weem_nbe (or its fallback). Fetched 18 rates.
2026-02-14T11:16:18: INFO:app.scraper.currency:Attempting currency source: SarfToday
2026-02-14T11:16:19: INFO:httpx:HTTP Request: GET https://ta3weem.com/ar/currency-exchange-rates/EUR-EGP "HTTP/1.1 200 OK"
2026-02-14T11:16:19: INFO:app.scraper.engine:Scraping country: kuwait
2026-02-14T11:16:20: INFO:app.scraper.all_banks_scraper:SUCCESS: Ta3weem_AllBanks returned 29 banks for EUR
2026-02-14T11:16:20: INFO:app.scraper.all_banks_scraper:Skipping remaining sources (fallback strategy)
2026-02-14T11:16:20: INFO:app.scraper.all_banks_scraper:Trying Ta3weem_AllBanks for SAR (priority 1)
2026-02-14T11:16:21: INFO:httpx:HTTP Request: GET https://sarf-today.com/currencies "HTTP/1.1 200 OK"
2026-02-14T11:16:21: INFO:app.scraper.currency:Success with sarf_today (or its fallback). Fetched 30 rates.
2026-02-14T11:16:21: INFO:app.main:Scraped 66 currency rates.
2026-02-14T11:16:21: INFO:app.main:Waiting 3600 seconds for next currency scrape...
2026-02-14T11:16:21: INFO:httpx:HTTP Request: GET https://kuwait.gold-price-today.com/ "HTTP/1.1 200 OK"
2026-02-14T11:16:21: INFO:httpx:HTTP Request: GET https://ta3weem.com/ar/currency-exchange-rates/SAR-EGP "HTTP/1.1 200 OK"
2026-02-14T11:16:21: INFO:app.scraper.all_banks_scraper:SUCCESS: Ta3weem_AllBanks returned 29 banks for SAR
2026-02-14T11:16:21: INFO:app.scraper.all_banks_scraper:Skipping remaining sources (fallback strategy)
2026-02-14T11:16:21: INFO:app.scraper.all_banks_scraper:Trying Ta3weem_AllBanks for GBP (priority 1)
2026-02-14T11:16:22: INFO:app.scraper.engine:Scraping country: united-arab-emirates
2026-02-14T11:16:23: INFO:httpx:HTTP Request: GET https://united-arab-emirates.gold-price-today.com/ "HTTP/1.1 200 OK"
2026-02-14T11:16:23: INFO:httpx:HTTP Request: GET https://ta3weem.com/ar/currency-exchange-rates/GBP-EGP "HTTP/1.1 200 OK"
2026-02-14T11:16:23: INFO:app.scraper.all_banks_scraper:SUCCESS: Ta3weem_AllBanks returned 29 banks for GBP
2026-02-14T11:16:23: INFO:app.scraper.all_banks_scraper:Skipping remaining sources (fallback strategy)
2026-02-14T11:16:23: INFO:app.scraper.all_banks_scraper:Trying Ta3weem_AllBanks for KWD (priority 1)
2026-02-14T11:16:24: INFO:app.scraper.engine:Scraping country: qatar
2026-02-14T11:16:25: INFO:httpx:HTTP Request: GET https://qatar.gold-price-today.com/ "HTTP/1.1 200 OK"
2026-02-14T11:16:26: INFO:httpx:HTTP Request: GET https://ta3weem.com/ar/currency-exchange-rates/KWD-EGP "HTTP/1.1 200 OK"
2026-02-14T11:16:26: INFO:app.scraper.all_banks_scraper:SUCCESS: Ta3weem_AllBanks returned 24 banks for KWD
2026-02-14T11:16:26: INFO:app.scraper.all_banks_scraper:Skipping remaining sources (fallback strategy)
2026-02-14T11:16:26: INFO:app.scraper.all_banks_scraper:Trying Ta3weem_AllBanks for AED (priority 1)
2026-02-14T11:16:26: INFO:app.scraper.engine:Scraping country: yemen
2026-02-14T11:16:27: INFO:httpx:HTTP Request: GET https://yemen.gold-price-today.com/ "HTTP/1.1 200 OK"
2026-02-14T11:16:28: INFO:httpx:HTTP Request: GET https://ta3weem.com/ar/currency-exchange-rates/AED-EGP "HTTP/1.1 200 OK"
2026-02-14T11:16:28: INFO:app.scraper.all_banks_scraper:SUCCESS: Ta3weem_AllBanks returned 25 banks for AED
2026-02-14T11:16:28: INFO:app.scraper.all_banks_scraper:Skipping remaining sources (fallback strategy)
2026-02-14T11:16:28: INFO:app.scraper.all_banks_scraper:Trying Ta3weem_AllBanks for QAR (priority 1)
2026-02-14T11:16:28: INFO:app.scraper.engine:Scraping country: jordan
2026-02-14T11:16:30: INFO:httpx:HTTP Request: GET https://jordan.gold-price-today.com/ "HTTP/1.1 200 OK"
2026-02-14T11:16:30: INFO:httpx:HTTP Request: GET https://ta3weem.com/ar/currency-exchange-rates/QAR-EGP "HTTP/1.1 200 OK"
2026-02-14T11:16:30: INFO:app.scraper.all_banks_scraper:SUCCESS: Ta3weem_AllBanks returned 13 banks for QAR
2026-02-14T11:16:30: INFO:app.scraper.all_banks_scraper:Skipping remaining sources (fallback strategy)
2026-02-14T11:16:30: INFO:app.scraper.all_banks_scraper:Trying Ta3weem_AllBanks for JOD (priority 1)
2026-02-14T11:16:31: INFO:app.scraper.engine:Scraping country: iraq
2026-02-14T11:16:32: INFO:httpx:HTTP Request: GET https://iraq.gold-price-today.com/ "HTTP/1.1 200 OK"
2026-02-14T11:16:32: INFO:httpx:HTTP Request: GET https://ta3weem.com/ar/currency-exchange-rates/JOD-EGP "HTTP/1.1 200 OK"
2026-02-14T11:16:32: INFO:app.scraper.all_banks_scraper:SUCCESS: Ta3weem_AllBanks returned 8 banks for JOD
2026-02-14T11:16:32: INFO:app.scraper.all_banks_scraper:Skipping remaining sources (fallback strategy)
2026-02-14T11:16:32: INFO:app.scraper.all_banks_scraper:Trying Ta3weem_AllBanks for BHD (priority 1)
2026-02-14T11:16:33: INFO:app.scraper.engine:Scraping country: lebanon
2026-02-14T11:16:34: INFO:httpx:HTTP Request: GET https://lebanon.gold-price-today.com/ "HTTP/1.1 200 OK"
2026-02-14T11:16:34: INFO:httpx:HTTP Request: GET https://ta3weem.com/ar/currency-exchange-rates/BHD-EGP "HTTP/1.1 200 OK"
2026-02-14T11:16:34: INFO:app.scraper.all_banks_scraper:SUCCESS: Ta3weem_AllBanks returned 12 banks for BHD
2026-02-14T11:16:34: INFO:app.scraper.all_banks_scraper:Skipping remaining sources (fallback strategy)
2026-02-14T11:16:34: INFO:app.scraper.all_banks_scraper:Trying Ta3weem_AllBanks for OMR (priority 1)
2026-02-14T11:16:34: INFO:app.scraper.engine:Scraping country: oman
2026-02-14T11:16:35: INFO:httpx:HTTP Request: GET https://oman.gold-price-today.com/ "HTTP/1.1 200 OK"
2026-02-14T11:16:36: INFO:httpx:HTTP Request: GET https://ta3weem.com/ar/currency-exchange-rates/OMR-EGP "HTTP/1.1 200 OK"
2026-02-14T11:16:36: INFO:app.scraper.all_banks_scraper:SUCCESS: Ta3weem_AllBanks returned 10 banks for OMR
2026-02-14T11:16:36: INFO:app.scraper.all_banks_scraper:Skipping remaining sources (fallback strategy)
2026-02-14T11:16:36: INFO:app.scraper.all_banks_scraper:Trying Ta3weem_AllBanks for CAD (priority 1)
2026-02-14T11:16:36: INFO:app.scraper.engine:Scraping country: bahrain
2026-02-14T11:16:37: INFO:httpx:HTTP Request: GET https://bahrain.gold-price-today.com/ "HTTP/1.1 200 OK"
2026-02-14T11:16:38: INFO:httpx:HTTP Request: GET https://ta3weem.com/ar/currency-exchange-rates/CAD-EGP "HTTP/1.1 200 OK"
2026-02-14T11:16:38: INFO:app.scraper.all_banks_scraper:SUCCESS: Ta3weem_AllBanks returned 18 banks for CAD
2026-02-14T11:16:38: INFO:app.scraper.all_banks_scraper:Skipping remaining sources (fallback strategy)
2026-02-14T11:16:38: INFO:app.scraper.all_banks_scraper:Trying Ta3weem_AllBanks for AUD (priority 1)
2026-02-14T11:16:38: INFO:app.scraper.engine:Scraping country: algeria
2026-02-14T11:16:39: INFO:httpx:HTTP Request: GET https://algeria.gold-price-today.com/ "HTTP/1.1 200 OK"
2026-02-14T11:16:40: INFO:httpx:HTTP Request: GET https://ta3weem.com/ar/currency-exchange-rates/AUD-EGP "HTTP/1.1 200 OK"
2026-02-14T11:16:40: INFO:app.scraper.all_banks_scraper:SUCCESS: Ta3weem_AllBanks returned 13 banks for AUD
2026-02-14T11:16:40: INFO:app.scraper.all_banks_scraper:Skipping remaining sources (fallback strategy)
2026-02-14T11:16:40: INFO:app.scraper.all_banks_scraper:Trying Ta3weem_AllBanks for CHF (priority 1)
2026-02-14T11:16:40: INFO:app.scraper.engine:Scraping country: morocco
2026-02-14T11:16:41: INFO:httpx:HTTP Request: GET https://morocco.gold-price-today.com/ "HTTP/1.1 200 OK"
2026-02-14T11:16:41: INFO:httpx:HTTP Request: GET https://ta3weem.com/ar/currency-exchange-rates/CHF-EGP "HTTP/1.1 200 OK"
2026-02-14T11:16:42: INFO:app.scraper.all_banks_scraper:SUCCESS: Ta3weem_AllBanks returned 24 banks for CHF
2026-02-14T11:16:42: INFO:app.scraper.all_banks_scraper:Skipping remaining sources (fallback strategy)
2026-02-14T11:16:42: INFO:app.scraper.all_banks_scraper:Trying Ta3weem_AllBanks for JPY (priority 1)
2026-02-14T11:16:42: INFO:app.scraper.engine:Scraping country: palestine
2026-02-14T11:16:43: INFO:httpx:HTTP Request: GET https://palestine.gold-price-today.com/ "HTTP/1.1 200 OK"
2026-02-14T11:16:43: INFO:httpx:HTTP Request: GET https://ta3weem.com/ar/currency-exchange-rates/JPY-EGP "HTTP/1.1 200 OK"
2026-02-14T11:16:44: INFO:app.scraper.all_banks_scraper:SUCCESS: Ta3weem_AllBanks returned 21 banks for JPY
2026-02-14T11:16:44: INFO:app.scraper.all_banks_scraper:Skipping remaining sources (fallback strategy)
2026-02-14T11:16:44: INFO:app.main:Scraped 284 bank rates.
2026-02-14T11:16:44: INFO:app.main:Successfully updated database snapshot.
2026-02-14T11:16:44: INFO:app.main:Waiting 3600 seconds for next full bank scrape...
2026-02-14T11:16:44: INFO:app.main:Scraped 84 country prices.
2026-02-14T11:16:44: INFO:app.main:Waiting 3600 seconds for next country scrape...
2026-02-14T11:28:35: ^C
2026-02-14T13:45:57: ^C
2026-02-14T14:52:04: ^C
2026-02-14T14:55:40: ^C
2026-02-14T15:44:30: ^C
2026-02-14T15:44:38: ^C
2026-02-14T15:44:42: ^C
2026-02-14T17:29:50: ^C
2026-02-14T17:30:07: ^C
2026-02-14T18:34:43: ^C
2026-02-14T18:34:48: ^C
2026-02-14T18:34:53: ^C
2026-02-14T19:53:05: ^C
2026-02-14T19:53:11: ^C
2026-02-14T19:58:16: ^C
2026-02-14T20:04:03: ^C
2026-02-14T20:29:51: ^C
2026-02-14T20:38:57: ^C
2026-02-15T12:11:10: ^C
2026-02-15T12:11:14: ^C
2026-02-15T12:45:15: ^C
2026-02-15T12:45:19: ^C
2026-02-15T12:45:23: ^C
2026-02-15T13:15:31: ^C
